Determining if the include file machine/types.h exists failed with the following output:
Change Dir: /home/symbol/test/testlib_srtp/x86/CMakeFiles/CMakeTmp

Run Build Command(s):/usr/bin/make cmTC_40ca5/fast && /usr/bin/make -f CMakeFiles/cmTC_40ca5.dir/build.make CMakeFiles/cmTC_40ca5.dir/build
make[1]: Entering directory '/home/symbol/test/testlib_srtp/x86/CMakeFiles/CMakeTmp'
Building C object CMakeFiles/cmTC_40ca5.dir/CheckIncludeFile.c.o
/home/symbol/Android/Sdk/ndk/android-ndk-r25c/toolchains/llvm/prebuilt/linux-x86_64/bin/clang --target=i686-none-linux-android26 --sysroot=/home/symbol/Android/Sdk/ndk/android-ndk-r25c/toolchains/llvm/prebuilt/linux-x86_64/sysroot   -g -DANDROID -fdata-sections -ffunction-sections -funwind-tables -fstack-protector-strong -no-canonical-prefixes -D_FORTIFY_SOURCE=2 -Wformat -Werror=format-security   -fPIE   -o CMakeFiles/cmTC_40ca5.dir/CheckIncludeFile.c.o   -c /home/symbol/test/testlib_srtp/x86/CMakeFiles/CMakeTmp/CheckIncludeFile.c
/home/symbol/test/testlib_srtp/x86/CMakeFiles/CMakeTmp/CheckIncludeFile.c:1:10: fatal error: 'machine/types.h' file not found
#include <machine/types.h>
         ^~~~~~~~~~~~~~~~~
1 error generated.
make[1]: *** [CMakeFiles/cmTC_40ca5.dir/build.make:66: CMakeFiles/cmTC_40ca5.dir/CheckIncludeFile.c.o] Error 1
make[1]: Leaving directory '/home/symbol/test/testlib_srtp/x86/CMakeFiles/CMakeTmp'
make: *** [Makefile:121: cmTC_40ca5/fast] Error 2



Determining if the include file sys/int_types.h exists failed with the following output:
Change Dir: /home/symbol/test/testlib_srtp/x86/CMakeFiles/CMakeTmp

Run Build Command(s):/usr/bin/make cmTC_aeda7/fast && /usr/bin/make -f CMakeFiles/cmTC_aeda7.dir/build.make CMakeFiles/cmTC_aeda7.dir/build
make[1]: Entering directory '/home/symbol/test/testlib_srtp/x86/CMakeFiles/CMakeTmp'
Building C object CMakeFiles/cmTC_aeda7.dir/CheckIncludeFile.c.o
/home/symbol/Android/Sdk/ndk/android-ndk-r25c/toolchains/llvm/prebuilt/linux-x86_64/bin/clang --target=i686-none-linux-android26 --sysroot=/home/symbol/Android/Sdk/ndk/android-ndk-r25c/toolchains/llvm/prebuilt/linux-x86_64/sysroot   -g -DANDROID -fdata-sections -ffunction-sections -funwind-tables -fstack-protector-strong -no-canonical-prefixes -D_FORTIFY_SOURCE=2 -Wformat -Werror=format-security   -fPIE   -o CMakeFiles/cmTC_aeda7.dir/CheckIncludeFile.c.o   -c /home/symbol/test/testlib_srtp/x86/CMakeFiles/CMakeTmp/CheckIncludeFile.c
/home/symbol/test/testlib_srtp/x86/CMakeFiles/CMakeTmp/CheckIncludeFile.c:1:10: fatal error: 'sys/int_types.h' file not found
#include <sys/int_types.h>
         ^~~~~~~~~~~~~~~~~
1 error generated.
make[1]: *** [CMakeFiles/cmTC_aeda7.dir/build.make:66: CMakeFiles/cmTC_aeda7.dir/CheckIncludeFile.c.o] Error 1
make[1]: Leaving directory '/home/symbol/test/testlib_srtp/x86/CMakeFiles/CMakeTmp'
make: *** [Makefile:121: cmTC_aeda7/fast] Error 2



Determining if the include file windows.h exists failed with the following output:
Change Dir: /home/symbol/test/testlib_srtp/x86/CMakeFiles/CMakeTmp

Run Build Command(s):/usr/bin/make cmTC_44d8e/fast && /usr/bin/make -f CMakeFiles/cmTC_44d8e.dir/build.make CMakeFiles/cmTC_44d8e.dir/build
make[1]: Entering directory '/home/symbol/test/testlib_srtp/x86/CMakeFiles/CMakeTmp'
Building C object CMakeFiles/cmTC_44d8e.dir/CheckIncludeFile.c.o
/home/symbol/Android/Sdk/ndk/android-ndk-r25c/toolchains/llvm/prebuilt/linux-x86_64/bin/clang --target=i686-none-linux-android26 --sysroot=/home/symbol/Android/Sdk/ndk/android-ndk-r25c/toolchains/llvm/prebuilt/linux-x86_64/sysroot   -g -DANDROID -fdata-sections -ffunction-sections -funwind-tables -fstack-protector-strong -no-canonical-prefixes -D_FORTIFY_SOURCE=2 -Wformat -Werror=format-security   -fPIE   -o CMakeFiles/cmTC_44d8e.dir/CheckIncludeFile.c.o   -c /home/symbol/test/testlib_srtp/x86/CMakeFiles/CMakeTmp/CheckIncludeFile.c
/home/symbol/test/testlib_srtp/x86/CMakeFiles/CMakeTmp/CheckIncludeFile.c:1:10: fatal error: 'windows.h' file not found
#include <windows.h>
         ^~~~~~~~~~~
1 error generated.
make[1]: *** [CMakeFiles/cmTC_44d8e.dir/build.make:66: CMakeFiles/cmTC_44d8e.dir/CheckIncludeFile.c.o] Error 1
make[1]: Leaving directory '/home/symbol/test/testlib_srtp/x86/CMakeFiles/CMakeTmp'
make: *** [Makefile:121: cmTC_44d8e/fast] Error 2



Determining if the include file winsock2.h exists failed with the following output:
Change Dir: /home/symbol/test/testlib_srtp/x86/CMakeFiles/CMakeTmp

Run Build Command(s):/usr/bin/make cmTC_858d8/fast && /usr/bin/make -f CMakeFiles/cmTC_858d8.dir/build.make CMakeFiles/cmTC_858d8.dir/build
make[1]: Entering directory '/home/symbol/test/testlib_srtp/x86/CMakeFiles/CMakeTmp'
Building C object CMakeFiles/cmTC_858d8.dir/CheckIncludeFile.c.o
/home/symbol/Android/Sdk/ndk/android-ndk-r25c/toolchains/llvm/prebuilt/linux-x86_64/bin/clang --target=i686-none-linux-android26 --sysroot=/home/symbol/Android/Sdk/ndk/android-ndk-r25c/toolchains/llvm/prebuilt/linux-x86_64/sysroot   -g -DANDROID -fdata-sections -ffunction-sections -funwind-tables -fstack-protector-strong -no-canonical-prefixes -D_FORTIFY_SOURCE=2 -Wformat -Werror=format-security   -fPIE   -o CMakeFiles/cmTC_858d8.dir/CheckIncludeFile.c.o   -c /home/symbol/test/testlib_srtp/x86/CMakeFiles/CMakeTmp/CheckIncludeFile.c
/home/symbol/test/testlib_srtp/x86/CMakeFiles/CMakeTmp/CheckIncludeFile.c:1:10: fatal error: 'winsock2.h' file not found
#include <winsock2.h>
         ^~~~~~~~~~~~
1 error generated.
make[1]: *** [CMakeFiles/cmTC_858d8.dir/build.make:66: CMakeFiles/cmTC_858d8.dir/CheckIncludeFile.c.o] Error 1
make[1]: Leaving directory '/home/symbol/test/testlib_srtp/x86/CMakeFiles/CMakeTmp'
make: *** [Makefile:121: cmTC_858d8/fast] Error 2



