The target system is: Android - 1 - i686
The host system is: Linux - 5.15.0-56-generic - x86_64
Determining if the C compiler works passed with the following output:
Change Dir: /home/symbol/test/testlib_srtp/x86/CMakeFiles/CMakeTmp

Run Build Command(s):/usr/bin/make cmTC_6d026/fast && /usr/bin/make -f CMakeFiles/cmTC_6d026.dir/build.make CMakeFiles/cmTC_6d026.dir/build
make[1]: Entering directory '/home/symbol/test/testlib_srtp/x86/CMakeFiles/CMakeTmp'
Building C object CMakeFiles/cmTC_6d026.dir/testCCompiler.c.o
/home/symbol/Android/Sdk/ndk/android-ndk-r25c/toolchains/llvm/prebuilt/linux-x86_64/bin/clang --target=i686-none-linux-android26 --sysroot=/home/symbol/Android/Sdk/ndk/android-ndk-r25c/toolchains/llvm/prebuilt/linux-x86_64/sysroot   -g -DANDROID -fdata-sections -ffunction-sections -funwind-tables -fstack-protector-strong -no-canonical-prefixes -D_FORTIFY_SOURCE=2 -Wformat -Werror=format-security   -fPIE   -o CMakeFiles/cmTC_6d026.dir/testCCompiler.c.o   -c /home/symbol/test/testlib_srtp/x86/CMakeFiles/CMakeTmp/testCCompiler.c
Linking C executable cmTC_6d026
/usr/bin/cmake -E cmake_link_script CMakeFiles/cmTC_6d026.dir/link.txt --verbose=1
/home/symbol/Android/Sdk/ndk/android-ndk-r25c/toolchains/llvm/prebuilt/linux-x86_64/bin/clang --target=i686-none-linux-android26 --sysroot=/home/symbol/Android/Sdk/ndk/android-ndk-r25c/toolchains/llvm/prebuilt/linux-x86_64/sysroot -g -DANDROID -fdata-sections -ffunction-sections -funwind-tables -fstack-protector-strong -no-canonical-prefixes -D_FORTIFY_SOURCE=2 -Wformat -Werror=format-security    -static-libstdc++ -Wl,--build-id=sha1 -Wl,--no-rosegment -Wl,--fatal-warnings -Wl,--no-undefined -Qunused-arguments    CMakeFiles/cmTC_6d026.dir/testCCompiler.c.o  -o cmTC_6d026  -latomic -lm 
make[1]: Leaving directory '/home/symbol/test/testlib_srtp/x86/CMakeFiles/CMakeTmp'



Detecting C compiler ABI info compiled with the following output:
Change Dir: /home/symbol/test/testlib_srtp/x86/CMakeFiles/CMakeTmp

Run Build Command(s):/usr/bin/make cmTC_5d467/fast && /usr/bin/make -f CMakeFiles/cmTC_5d467.dir/build.make CMakeFiles/cmTC_5d467.dir/build
make[1]: Entering directory '/home/symbol/test/testlib_srtp/x86/CMakeFiles/CMakeTmp'
Building C object CMakeFiles/cmTC_5d467.dir/CMakeCCompilerABI.c.o
/home/symbol/Android/Sdk/ndk/android-ndk-r25c/toolchains/llvm/prebuilt/linux-x86_64/bin/clang --target=i686-none-linux-android26 --sysroot=/home/symbol/Android/Sdk/ndk/android-ndk-r25c/toolchains/llvm/prebuilt/linux-x86_64/sysroot   -g -DANDROID -fdata-sections -ffunction-sections -funwind-tables -fstack-protector-strong -no-canonical-prefixes -D_FORTIFY_SOURCE=2 -Wformat -Werror=format-security   -fPIE   -v -o CMakeFiles/cmTC_5d467.dir/CMakeCCompilerABI.c.o   -c /usr/share/cmake-3.16/Modules/CMakeCCompilerABI.c
Android (9352603, based on r450784d1) clang version 14.0.7 (https://android.googlesource.com/toolchain/llvm-project 4c603efb0cca074e9238af8b4106c30add4418f6)
Target: i686-none-linux-android26
Thread model: posix
InstalledDir: /home/symbol/Android/Sdk/ndk/android-ndk-r25c/toolchains/llvm/prebuilt/linux-x86_64/bin
 (in-process)
 "/home/symbol/Android/Sdk/ndk/android-ndk-r25c/toolchains/llvm/prebuilt/linux-x86_64/bin/clang" -cc1 -triple i686-none-linux-android26 -emit-obj -mrelax-all --mrelax-relocations -disable-free -clear-ast-before-backend -disable-llvm-verifier -discard-value-names -main-file-name CMakeCCompilerABI.c -mrelocation-model pic -pic-level 2 -pic-is-pie -mframe-pointer=all -ffp-contract=on -fno-rounding-math -mconstructor-aliases -funwind-tables=2 -target-cpu i686 -target-feature +ssse3 -tune-cpu generic -mllvm -treat-scalable-fixed-error-as-warning -debug-info-kind=constructor -dwarf-version=4 -debugger-tuning=gdb -v -ffunction-sections -fdata-sections -fcoverage-compilation-dir=/home/symbol/test/testlib_srtp/x86/CMakeFiles/CMakeTmp -resource-dir /home/symbol/Android/Sdk/ndk/android-ndk-r25c/toolchains/llvm/prebuilt/linux-x86_64/lib64/clang/14.0.7 -D ANDROID -D _FORTIFY_SOURCE=2 -isysroot /home/symbol/Android/Sdk/ndk/android-ndk-r25c/toolchains/llvm/prebuilt/linux-x86_64/sysroot -internal-isystem /home/symbol/Android/Sdk/ndk/android-ndk-r25c/toolchains/llvm/prebuilt/linux-x86_64/lib64/clang/14.0.7/include -internal-isystem /home/symbol/Android/Sdk/ndk/android-ndk-r25c/toolchains/llvm/prebuilt/linux-x86_64/sysroot/usr/local/include -internal-externc-isystem /home/symbol/Android/Sdk/ndk/android-ndk-r25c/toolchains/llvm/prebuilt/linux-x86_64/sysroot/usr/include/i686-linux-android -internal-externc-isystem /home/symbol/Android/Sdk/ndk/android-ndk-r25c/toolchains/llvm/prebuilt/linux-x86_64/sysroot/include -internal-externc-isystem /home/symbol/Android/Sdk/ndk/android-ndk-r25c/toolchains/llvm/prebuilt/linux-x86_64/sysroot/usr/include -Wformat -Werror=format-security -fdebug-compilation-dir=/home/symbol/test/testlib_srtp/x86/CMakeFiles/CMakeTmp -ferror-limit 19 -stack-protector 2 -fgnuc-version=4.2.1 -D__GCC_HAVE_DWARF2_CFI_ASM=1 -o CMakeFiles/cmTC_5d467.dir/CMakeCCompilerABI.c.o -x c /usr/share/cmake-3.16/Modules/CMakeCCompilerABI.c
clang -cc1 version 14.0.7 based upon LLVM 14.0.7git default target x86_64-unknown-linux-gnu
ignoring nonexistent directory "/home/symbol/Android/Sdk/ndk/android-ndk-r25c/toolchains/llvm/prebuilt/linux-x86_64/sysroot/include"
#include "..." search starts here:
#include <...> search starts here:
 /home/symbol/Android/Sdk/ndk/android-ndk-r25c/toolchains/llvm/prebuilt/linux-x86_64/lib64/clang/14.0.7/include
 /home/symbol/Android/Sdk/ndk/android-ndk-r25c/toolchains/llvm/prebuilt/linux-x86_64/sysroot/usr/local/include
 /home/symbol/Android/Sdk/ndk/android-ndk-r25c/toolchains/llvm/prebuilt/linux-x86_64/sysroot/usr/include/i686-linux-android
 /home/symbol/Android/Sdk/ndk/android-ndk-r25c/toolchains/llvm/prebuilt/linux-x86_64/sysroot/usr/include
End of search list.
Linking C executable cmTC_5d467
/usr/bin/cmake -E cmake_link_script CMakeFiles/cmTC_5d467.dir/link.txt --verbose=1
/home/symbol/Android/Sdk/ndk/android-ndk-r25c/toolchains/llvm/prebuilt/linux-x86_64/bin/clang --target=i686-none-linux-android26 --sysroot=/home/symbol/Android/Sdk/ndk/android-ndk-r25c/toolchains/llvm/prebuilt/linux-x86_64/sysroot -g -DANDROID -fdata-sections -ffunction-sections -funwind-tables -fstack-protector-strong -no-canonical-prefixes -D_FORTIFY_SOURCE=2 -Wformat -Werror=format-security    -static-libstdc++ -Wl,--build-id=sha1 -Wl,--no-rosegment -Wl,--fatal-warnings -Wl,--no-undefined -Qunused-arguments   -v CMakeFiles/cmTC_5d467.dir/CMakeCCompilerABI.c.o  -o cmTC_5d467 
Android (9352603, based on r450784d1) clang version 14.0.7 (https://android.googlesource.com/toolchain/llvm-project 4c603efb0cca074e9238af8b4106c30add4418f6)
Target: i686-none-linux-android26
Thread model: posix
InstalledDir: /home/symbol/Android/Sdk/ndk/android-ndk-r25c/toolchains/llvm/prebuilt/linux-x86_64/bin
 "/home/symbol/Android/Sdk/ndk/android-ndk-r25c/toolchains/llvm/prebuilt/linux-x86_64/bin/ld" --sysroot=/home/symbol/Android/Sdk/ndk/android-ndk-r25c/toolchains/llvm/prebuilt/linux-x86_64/sysroot -pie --warn-shared-textrel -z now -z relro --hash-style=gnu --enable-new-dtags --eh-frame-hdr -m elf_i386 -dynamic-linker /system/bin/linker -o cmTC_5d467 /home/symbol/Android/Sdk/ndk/android-ndk-r25c/toolchains/llvm/prebuilt/linux-x86_64/sysroot/usr/lib/i686-linux-android/26/crtbegin_dynamic.o -L/home/symbol/Android/Sdk/ndk/android-ndk-r25c/toolchains/llvm/prebuilt/linux-x86_64/lib64/clang/14.0.7/lib/linux/i386 -L/home/symbol/Android/Sdk/ndk/android-ndk-r25c/toolchains/llvm/prebuilt/linux-x86_64/sysroot/usr/lib/i686-linux-android/26 -L/home/symbol/Android/Sdk/ndk/android-ndk-r25c/toolchains/llvm/prebuilt/linux-x86_64/sysroot/usr/lib/i686-linux-android -L/home/symbol/Android/Sdk/ndk/android-ndk-r25c/toolchains/llvm/prebuilt/linux-x86_64/sysroot/usr/lib --build-id=sha1 --no-rosegment --fatal-warnings --no-undefined CMakeFiles/cmTC_5d467.dir/CMakeCCompilerABI.c.o /home/symbol/Android/Sdk/ndk/android-ndk-r25c/toolchains/llvm/prebuilt/linux-x86_64/lib64/clang/14.0.7/lib/linux/libclang_rt.builtins-i686-android.a -l:libunwind.a -ldl -lc /home/symbol/Android/Sdk/ndk/android-ndk-r25c/toolchains/llvm/prebuilt/linux-x86_64/lib64/clang/14.0.7/lib/linux/libclang_rt.builtins-i686-android.a -l:libunwind.a -ldl /home/symbol/Android/Sdk/ndk/android-ndk-r25c/toolchains/llvm/prebuilt/linux-x86_64/sysroot/usr/lib/i686-linux-android/26/crtend_android.o
make[1]: Leaving directory '/home/symbol/test/testlib_srtp/x86/CMakeFiles/CMakeTmp'



Parsed C implicit include dir info from above output: rv=done
  found start of include info
  found start of implicit include info
    add: [/home/symbol/Android/Sdk/ndk/android-ndk-r25c/toolchains/llvm/prebuilt/linux-x86_64/lib64/clang/14.0.7/include]
    add: [/home/symbol/Android/Sdk/ndk/android-ndk-r25c/toolchains/llvm/prebuilt/linux-x86_64/sysroot/usr/local/include]
    add: [/home/symbol/Android/Sdk/ndk/android-ndk-r25c/toolchains/llvm/prebuilt/linux-x86_64/sysroot/usr/include/i686-linux-android]
    add: [/home/symbol/Android/Sdk/ndk/android-ndk-r25c/toolchains/llvm/prebuilt/linux-x86_64/sysroot/usr/include]
  end of search list found
  collapse include dir [/home/symbol/Android/Sdk/ndk/android-ndk-r25c/toolchains/llvm/prebuilt/linux-x86_64/lib64/clang/14.0.7/include] ==> [/home/symbol/Android/Sdk/ndk/android-ndk-r25c/toolchains/llvm/prebuilt/linux-x86_64/lib64/clang/14.0.7/include]
  collapse include dir [/home/symbol/Android/Sdk/ndk/android-ndk-r25c/toolchains/llvm/prebuilt/linux-x86_64/sysroot/usr/local/include] ==> [/home/symbol/Android/Sdk/ndk/android-ndk-r25c/toolchains/llvm/prebuilt/linux-x86_64/sysroot/usr/local/include]
  collapse include dir [/home/symbol/Android/Sdk/ndk/android-ndk-r25c/toolchains/llvm/prebuilt/linux-x86_64/sysroot/usr/include/i686-linux-android] ==> [/home/symbol/Android/Sdk/ndk/android-ndk-r25c/toolchains/llvm/prebuilt/linux-x86_64/sysroot/usr/include/i686-linux-android]
  collapse include dir [/home/symbol/Android/Sdk/ndk/android-ndk-r25c/toolchains/llvm/prebuilt/linux-x86_64/sysroot/usr/include] ==> [/home/symbol/Android/Sdk/ndk/android-ndk-r25c/toolchains/llvm/prebuilt/linux-x86_64/sysroot/usr/include]
  implicit include dirs: [/home/symbol/Android/Sdk/ndk/android-ndk-r25c/toolchains/llvm/prebuilt/linux-x86_64/lib64/clang/14.0.7/include;/home/symbol/Android/Sdk/ndk/android-ndk-r25c/toolchains/llvm/prebuilt/linux-x86_64/sysroot/usr/local/include;/home/symbol/Android/Sdk/ndk/android-ndk-r25c/toolchains/llvm/prebuilt/linux-x86_64/sysroot/usr/include/i686-linux-android;/home/symbol/Android/Sdk/ndk/android-ndk-r25c/toolchains/llvm/prebuilt/linux-x86_64/sysroot/usr/include]


Parsed C implicit link information from above output:
  link line regex: [^( *|.*[/\])(ld\.lld|CMAKE_LINK_STARTFILE-NOTFOUND|([^/\]+-)?ld|collect2)[^/\]*( |$)]
  ignore line: [Change Dir: /home/symbol/test/testlib_srtp/x86/CMakeFiles/CMakeTmp]
  ignore line: []
  ignore line: [Run Build Command(s):/usr/bin/make cmTC_5d467/fast && /usr/bin/make -f CMakeFiles/cmTC_5d467.dir/build.make CMakeFiles/cmTC_5d467.dir/build]
  ignore line: [make[1]: Entering directory '/home/symbol/test/testlib_srtp/x86/CMakeFiles/CMakeTmp']
  ignore line: [Building C object CMakeFiles/cmTC_5d467.dir/CMakeCCompilerABI.c.o]
  ignore line: [/home/symbol/Android/Sdk/ndk/android-ndk-r25c/toolchains/llvm/prebuilt/linux-x86_64/bin/clang --target=i686-none-linux-android26 --sysroot=/home/symbol/Android/Sdk/ndk/android-ndk-r25c/toolchains/llvm/prebuilt/linux-x86_64/sysroot   -g -DANDROID -fdata-sections -ffunction-sections -funwind-tables -fstack-protector-strong -no-canonical-prefixes -D_FORTIFY_SOURCE=2 -Wformat -Werror=format-security   -fPIE   -v -o CMakeFiles/cmTC_5d467.dir/CMakeCCompilerABI.c.o   -c /usr/share/cmake-3.16/Modules/CMakeCCompilerABI.c]
  ignore line: [Android (9352603  based on r450784d1) clang version 14.0.7 (https://android.googlesource.com/toolchain/llvm-project 4c603efb0cca074e9238af8b4106c30add4418f6)]
  ignore line: [Target: i686-none-linux-android26]
  ignore line: [Thread model: posix]
  ignore line: [InstalledDir: /home/symbol/Android/Sdk/ndk/android-ndk-r25c/toolchains/llvm/prebuilt/linux-x86_64/bin]
  ignore line: [ (in-process)]
  ignore line: [ "/home/symbol/Android/Sdk/ndk/android-ndk-r25c/toolchains/llvm/prebuilt/linux-x86_64/bin/clang" -cc1 -triple i686-none-linux-android26 -emit-obj -mrelax-all --mrelax-relocations -disable-free -clear-ast-before-backend -disable-llvm-verifier -discard-value-names -main-file-name CMakeCCompilerABI.c -mrelocation-model pic -pic-level 2 -pic-is-pie -mframe-pointer=all -ffp-contract=on -fno-rounding-math -mconstructor-aliases -funwind-tables=2 -target-cpu i686 -target-feature +ssse3 -tune-cpu generic -mllvm -treat-scalable-fixed-error-as-warning -debug-info-kind=constructor -dwarf-version=4 -debugger-tuning=gdb -v -ffunction-sections -fdata-sections -fcoverage-compilation-dir=/home/symbol/test/testlib_srtp/x86/CMakeFiles/CMakeTmp -resource-dir /home/symbol/Android/Sdk/ndk/android-ndk-r25c/toolchains/llvm/prebuilt/linux-x86_64/lib64/clang/14.0.7 -D ANDROID -D _FORTIFY_SOURCE=2 -isysroot /home/symbol/Android/Sdk/ndk/android-ndk-r25c/toolchains/llvm/prebuilt/linux-x86_64/sysroot -internal-isystem /home/symbol/Android/Sdk/ndk/android-ndk-r25c/toolchains/llvm/prebuilt/linux-x86_64/lib64/clang/14.0.7/include -internal-isystem /home/symbol/Android/Sdk/ndk/android-ndk-r25c/toolchains/llvm/prebuilt/linux-x86_64/sysroot/usr/local/include -internal-externc-isystem /home/symbol/Android/Sdk/ndk/android-ndk-r25c/toolchains/llvm/prebuilt/linux-x86_64/sysroot/usr/include/i686-linux-android -internal-externc-isystem /home/symbol/Android/Sdk/ndk/android-ndk-r25c/toolchains/llvm/prebuilt/linux-x86_64/sysroot/include -internal-externc-isystem /home/symbol/Android/Sdk/ndk/android-ndk-r25c/toolchains/llvm/prebuilt/linux-x86_64/sysroot/usr/include -Wformat -Werror=format-security -fdebug-compilation-dir=/home/symbol/test/testlib_srtp/x86/CMakeFiles/CMakeTmp -ferror-limit 19 -stack-protector 2 -fgnuc-version=4.2.1 -D__GCC_HAVE_DWARF2_CFI_ASM=1 -o CMakeFiles/cmTC_5d467.dir/CMakeCCompilerABI.c.o -x c /usr/share/cmake-3.16/Modules/CMakeCCompilerABI.c]
  ignore line: [clang -cc1 version 14.0.7 based upon LLVM 14.0.7git default target x86_64-unknown-linux-gnu]
  ignore line: [ignoring nonexistent directory "/home/symbol/Android/Sdk/ndk/android-ndk-r25c/toolchains/llvm/prebuilt/linux-x86_64/sysroot/include"]
  ignore line: [#include "..." search starts here:]
  ignore line: [#include <...> search starts here:]
  ignore line: [ /home/symbol/Android/Sdk/ndk/android-ndk-r25c/toolchains/llvm/prebuilt/linux-x86_64/lib64/clang/14.0.7/include]
  ignore line: [ /home/symbol/Android/Sdk/ndk/android-ndk-r25c/toolchains/llvm/prebuilt/linux-x86_64/sysroot/usr/local/include]
  ignore line: [ /home/symbol/Android/Sdk/ndk/android-ndk-r25c/toolchains/llvm/prebuilt/linux-x86_64/sysroot/usr/include/i686-linux-android]
  ignore line: [ /home/symbol/Android/Sdk/ndk/android-ndk-r25c/toolchains/llvm/prebuilt/linux-x86_64/sysroot/usr/include]
  ignore line: [End of search list.]
  ignore line: [Linking C executable cmTC_5d467]
  ignore line: [/usr/bin/cmake -E cmake_link_script CMakeFiles/cmTC_5d467.dir/link.txt --verbose=1]
  ignore line: [/home/symbol/Android/Sdk/ndk/android-ndk-r25c/toolchains/llvm/prebuilt/linux-x86_64/bin/clang --target=i686-none-linux-android26 --sysroot=/home/symbol/Android/Sdk/ndk/android-ndk-r25c/toolchains/llvm/prebuilt/linux-x86_64/sysroot -g -DANDROID -fdata-sections -ffunction-sections -funwind-tables -fstack-protector-strong -no-canonical-prefixes -D_FORTIFY_SOURCE=2 -Wformat -Werror=format-security    -static-libstdc++ -Wl --build-id=sha1 -Wl --no-rosegment -Wl --fatal-warnings -Wl --no-undefined -Qunused-arguments   -v CMakeFiles/cmTC_5d467.dir/CMakeCCompilerABI.c.o  -o cmTC_5d467 ]
  ignore line: [Android (9352603  based on r450784d1) clang version 14.0.7 (https://android.googlesource.com/toolchain/llvm-project 4c603efb0cca074e9238af8b4106c30add4418f6)]
  ignore line: [Target: i686-none-linux-android26]
  ignore line: [Thread model: posix]
  ignore line: [InstalledDir: /home/symbol/Android/Sdk/ndk/android-ndk-r25c/toolchains/llvm/prebuilt/linux-x86_64/bin]
  link line: [ "/home/symbol/Android/Sdk/ndk/android-ndk-r25c/toolchains/llvm/prebuilt/linux-x86_64/bin/ld" --sysroot=/home/symbol/Android/Sdk/ndk/android-ndk-r25c/toolchains/llvm/prebuilt/linux-x86_64/sysroot -pie --warn-shared-textrel -z now -z relro --hash-style=gnu --enable-new-dtags --eh-frame-hdr -m elf_i386 -dynamic-linker /system/bin/linker -o cmTC_5d467 /home/symbol/Android/Sdk/ndk/android-ndk-r25c/toolchains/llvm/prebuilt/linux-x86_64/sysroot/usr/lib/i686-linux-android/26/crtbegin_dynamic.o -L/home/symbol/Android/Sdk/ndk/android-ndk-r25c/toolchains/llvm/prebuilt/linux-x86_64/lib64/clang/14.0.7/lib/linux/i386 -L/home/symbol/Android/Sdk/ndk/android-ndk-r25c/toolchains/llvm/prebuilt/linux-x86_64/sysroot/usr/lib/i686-linux-android/26 -L/home/symbol/Android/Sdk/ndk/android-ndk-r25c/toolchains/llvm/prebuilt/linux-x86_64/sysroot/usr/lib/i686-linux-android -L/home/symbol/Android/Sdk/ndk/android-ndk-r25c/toolchains/llvm/prebuilt/linux-x86_64/sysroot/usr/lib --build-id=sha1 --no-rosegment --fatal-warnings --no-undefined CMakeFiles/cmTC_5d467.dir/CMakeCCompilerABI.c.o /home/symbol/Android/Sdk/ndk/android-ndk-r25c/toolchains/llvm/prebuilt/linux-x86_64/lib64/clang/14.0.7/lib/linux/libclang_rt.builtins-i686-android.a -l:libunwind.a -ldl -lc /home/symbol/Android/Sdk/ndk/android-ndk-r25c/toolchains/llvm/prebuilt/linux-x86_64/lib64/clang/14.0.7/lib/linux/libclang_rt.builtins-i686-android.a -l:libunwind.a -ldl /home/symbol/Android/Sdk/ndk/android-ndk-r25c/toolchains/llvm/prebuilt/linux-x86_64/sysroot/usr/lib/i686-linux-android/26/crtend_android.o]
    arg [/home/symbol/Android/Sdk/ndk/android-ndk-r25c/toolchains/llvm/prebuilt/linux-x86_64/bin/ld] ==> ignore
    arg [--sysroot=/home/symbol/Android/Sdk/ndk/android-ndk-r25c/toolchains/llvm/prebuilt/linux-x86_64/sysroot] ==> ignore
    arg [-pie] ==> ignore
    arg [--warn-shared-textrel] ==> ignore
    arg [-znow] ==> ignore
    arg [-zrelro] ==> ignore
    arg [--hash-style=gnu] ==> ignore
    arg [--enable-new-dtags] ==> ignore
    arg [--eh-frame-hdr] ==> ignore
    arg [-m] ==> ignore
    arg [elf_i386] ==> ignore
    arg [-dynamic-linker] ==> ignore
    arg [/system/bin/linker] ==> ignore
    arg [-o] ==> ignore
    arg [cmTC_5d467] ==> ignore
    arg [/home/symbol/Android/Sdk/ndk/android-ndk-r25c/toolchains/llvm/prebuilt/linux-x86_64/sysroot/usr/lib/i686-linux-android/26/crtbegin_dynamic.o] ==> ignore
    arg [-L/home/symbol/Android/Sdk/ndk/android-ndk-r25c/toolchains/llvm/prebuilt/linux-x86_64/lib64/clang/14.0.7/lib/linux/i386] ==> dir [/home/symbol/Android/Sdk/ndk/android-ndk-r25c/toolchains/llvm/prebuilt/linux-x86_64/lib64/clang/14.0.7/lib/linux/i386]
    arg [-L/home/symbol/Android/Sdk/ndk/android-ndk-r25c/toolchains/llvm/prebuilt/linux-x86_64/sysroot/usr/lib/i686-linux-android/26] ==> dir [/home/symbol/Android/Sdk/ndk/android-ndk-r25c/toolchains/llvm/prebuilt/linux-x86_64/sysroot/usr/lib/i686-linux-android/26]
    arg [-L/home/symbol/Android/Sdk/ndk/android-ndk-r25c/toolchains/llvm/prebuilt/linux-x86_64/sysroot/usr/lib/i686-linux-android] ==> dir [/home/symbol/Android/Sdk/ndk/android-ndk-r25c/toolchains/llvm/prebuilt/linux-x86_64/sysroot/usr/lib/i686-linux-android]
    arg [-L/home/symbol/Android/Sdk/ndk/android-ndk-r25c/toolchains/llvm/prebuilt/linux-x86_64/sysroot/usr/lib] ==> dir [/home/symbol/Android/Sdk/ndk/android-ndk-r25c/toolchains/llvm/prebuilt/linux-x86_64/sysroot/usr/lib]
    arg [--build-id=sha1] ==> ignore
    arg [--no-rosegment] ==> ignore
    arg [--fatal-warnings] ==> ignore
    arg [--no-undefined] ==> ignore
    arg [CMakeFiles/cmTC_5d467.dir/CMakeCCompilerABI.c.o] ==> ignore
    arg [/home/symbol/Android/Sdk/ndk/android-ndk-r25c/toolchains/llvm/prebuilt/linux-x86_64/lib64/clang/14.0.7/lib/linux/libclang_rt.builtins-i686-android.a] ==> lib [/home/symbol/Android/Sdk/ndk/android-ndk-r25c/toolchains/llvm/prebuilt/linux-x86_64/lib64/clang/14.0.7/lib/linux/libclang_rt.builtins-i686-android.a]
    arg [-l:libunwind.a] ==> lib [-l:libunwind.a]
    arg [-ldl] ==> lib [dl]
    arg [-lc] ==> lib [c]
    arg [/home/symbol/Android/Sdk/ndk/android-ndk-r25c/toolchains/llvm/prebuilt/linux-x86_64/lib64/clang/14.0.7/lib/linux/libclang_rt.builtins-i686-android.a] ==> lib [/home/symbol/Android/Sdk/ndk/android-ndk-r25c/toolchains/llvm/prebuilt/linux-x86_64/lib64/clang/14.0.7/lib/linux/libclang_rt.builtins-i686-android.a]
    arg [-l:libunwind.a] ==> lib [-l:libunwind.a]
    arg [-ldl] ==> lib [dl]
    arg [/home/symbol/Android/Sdk/ndk/android-ndk-r25c/toolchains/llvm/prebuilt/linux-x86_64/sysroot/usr/lib/i686-linux-android/26/crtend_android.o] ==> ignore
  remove lib [/home/symbol/Android/Sdk/ndk/android-ndk-r25c/toolchains/llvm/prebuilt/linux-x86_64/lib64/clang/14.0.7/lib/linux/libclang_rt.builtins-i686-android.a]
  remove lib [/home/symbol/Android/Sdk/ndk/android-ndk-r25c/toolchains/llvm/prebuilt/linux-x86_64/lib64/clang/14.0.7/lib/linux/libclang_rt.builtins-i686-android.a]
  collapse library dir [/home/symbol/Android/Sdk/ndk/android-ndk-r25c/toolchains/llvm/prebuilt/linux-x86_64/lib64/clang/14.0.7/lib/linux/i386] ==> [/home/symbol/Android/Sdk/ndk/android-ndk-r25c/toolchains/llvm/prebuilt/linux-x86_64/lib64/clang/14.0.7/lib/linux/i386]
  collapse library dir [/home/symbol/Android/Sdk/ndk/android-ndk-r25c/toolchains/llvm/prebuilt/linux-x86_64/sysroot/usr/lib/i686-linux-android/26] ==> [/home/symbol/Android/Sdk/ndk/android-ndk-r25c/toolchains/llvm/prebuilt/linux-x86_64/sysroot/usr/lib/i686-linux-android/26]
  collapse library dir [/home/symbol/Android/Sdk/ndk/android-ndk-r25c/toolchains/llvm/prebuilt/linux-x86_64/sysroot/usr/lib/i686-linux-android] ==> [/home/symbol/Android/Sdk/ndk/android-ndk-r25c/toolchains/llvm/prebuilt/linux-x86_64/sysroot/usr/lib/i686-linux-android]
  collapse library dir [/home/symbol/Android/Sdk/ndk/android-ndk-r25c/toolchains/llvm/prebuilt/linux-x86_64/sysroot/usr/lib] ==> [/home/symbol/Android/Sdk/ndk/android-ndk-r25c/toolchains/llvm/prebuilt/linux-x86_64/sysroot/usr/lib]
  implicit libs: [-l:libunwind.a;dl;c;-l:libunwind.a;dl]
  implicit dirs: [/home/symbol/Android/Sdk/ndk/android-ndk-r25c/toolchains/llvm/prebuilt/linux-x86_64/lib64/clang/14.0.7/lib/linux/i386;/home/symbol/Android/Sdk/ndk/android-ndk-r25c/toolchains/llvm/prebuilt/linux-x86_64/sysroot/usr/lib/i686-linux-android/26;/home/symbol/Android/Sdk/ndk/android-ndk-r25c/toolchains/llvm/prebuilt/linux-x86_64/sysroot/usr/lib/i686-linux-android;/home/symbol/Android/Sdk/ndk/android-ndk-r25c/toolchains/llvm/prebuilt/linux-x86_64/sysroot/usr/lib]
  implicit fwks: []


Determining if the include file sys/types.h exists passed with the following output:
Change Dir: /home/symbol/test/testlib_srtp/x86/CMakeFiles/CMakeTmp

Run Build Command(s):/usr/bin/make cmTC_912e1/fast && /usr/bin/make -f CMakeFiles/cmTC_912e1.dir/build.make CMakeFiles/cmTC_912e1.dir/build
make[1]: Entering directory '/home/symbol/test/testlib_srtp/x86/CMakeFiles/CMakeTmp'
Building C object CMakeFiles/cmTC_912e1.dir/CheckIncludeFile.c.o
/home/symbol/Android/Sdk/ndk/android-ndk-r25c/toolchains/llvm/prebuilt/linux-x86_64/bin/clang --target=i686-none-linux-android26 --sysroot=/home/symbol/Android/Sdk/ndk/android-ndk-r25c/toolchains/llvm/prebuilt/linux-x86_64/sysroot   -g -DANDROID -fdata-sections -ffunction-sections -funwind-tables -fstack-protector-strong -no-canonical-prefixes -D_FORTIFY_SOURCE=2 -Wformat -Werror=format-security   -fPIE   -o CMakeFiles/cmTC_912e1.dir/CheckIncludeFile.c.o   -c /home/symbol/test/testlib_srtp/x86/CMakeFiles/CMakeTmp/CheckIncludeFile.c
Linking C executable cmTC_912e1
/usr/bin/cmake -E cmake_link_script CMakeFiles/cmTC_912e1.dir/link.txt --verbose=1
/home/symbol/Android/Sdk/ndk/android-ndk-r25c/toolchains/llvm/prebuilt/linux-x86_64/bin/clang --target=i686-none-linux-android26 --sysroot=/home/symbol/Android/Sdk/ndk/android-ndk-r25c/toolchains/llvm/prebuilt/linux-x86_64/sysroot -g -DANDROID -fdata-sections -ffunction-sections -funwind-tables -fstack-protector-strong -no-canonical-prefixes -D_FORTIFY_SOURCE=2 -Wformat -Werror=format-security    -static-libstdc++ -Wl,--build-id=sha1 -Wl,--no-rosegment -Wl,--fatal-warnings -Wl,--no-undefined -Qunused-arguments    CMakeFiles/cmTC_912e1.dir/CheckIncludeFile.c.o  -o cmTC_912e1  -latomic -lm 
make[1]: Leaving directory '/home/symbol/test/testlib_srtp/x86/CMakeFiles/CMakeTmp'



Determining if the include file stdint.h exists passed with the following output:
Change Dir: /home/symbol/test/testlib_srtp/x86/CMakeFiles/CMakeTmp

Run Build Command(s):/usr/bin/make cmTC_d9204/fast && /usr/bin/make -f CMakeFiles/cmTC_d9204.dir/build.make CMakeFiles/cmTC_d9204.dir/build
make[1]: Entering directory '/home/symbol/test/testlib_srtp/x86/CMakeFiles/CMakeTmp'
Building C object CMakeFiles/cmTC_d9204.dir/CheckIncludeFile.c.o
/home/symbol/Android/Sdk/ndk/android-ndk-r25c/toolchains/llvm/prebuilt/linux-x86_64/bin/clang --target=i686-none-linux-android26 --sysroot=/home/symbol/Android/Sdk/ndk/android-ndk-r25c/toolchains/llvm/prebuilt/linux-x86_64/sysroot   -g -DANDROID -fdata-sections -ffunction-sections -funwind-tables -fstack-protector-strong -no-canonical-prefixes -D_FORTIFY_SOURCE=2 -Wformat -Werror=format-security   -fPIE   -o CMakeFiles/cmTC_d9204.dir/CheckIncludeFile.c.o   -c /home/symbol/test/testlib_srtp/x86/CMakeFiles/CMakeTmp/CheckIncludeFile.c
Linking C executable cmTC_d9204
/usr/bin/cmake -E cmake_link_script CMakeFiles/cmTC_d9204.dir/link.txt --verbose=1
/home/symbol/Android/Sdk/ndk/android-ndk-r25c/toolchains/llvm/prebuilt/linux-x86_64/bin/clang --target=i686-none-linux-android26 --sysroot=/home/symbol/Android/Sdk/ndk/android-ndk-r25c/toolchains/llvm/prebuilt/linux-x86_64/sysroot -g -DANDROID -fdata-sections -ffunction-sections -funwind-tables -fstack-protector-strong -no-canonical-prefixes -D_FORTIFY_SOURCE=2 -Wformat -Werror=format-security    -static-libstdc++ -Wl,--build-id=sha1 -Wl,--no-rosegment -Wl,--fatal-warnings -Wl,--no-undefined -Qunused-arguments    CMakeFiles/cmTC_d9204.dir/CheckIncludeFile.c.o  -o cmTC_d9204  -latomic -lm 
make[1]: Leaving directory '/home/symbol/test/testlib_srtp/x86/CMakeFiles/CMakeTmp'



Determining if the include file stddef.h exists passed with the following output:
Change Dir: /home/symbol/test/testlib_srtp/x86/CMakeFiles/CMakeTmp

Run Build Command(s):/usr/bin/make cmTC_c0906/fast && /usr/bin/make -f CMakeFiles/cmTC_c0906.dir/build.make CMakeFiles/cmTC_c0906.dir/build
make[1]: Entering directory '/home/symbol/test/testlib_srtp/x86/CMakeFiles/CMakeTmp'
Building C object CMakeFiles/cmTC_c0906.dir/CheckIncludeFile.c.o
/home/symbol/Android/Sdk/ndk/android-ndk-r25c/toolchains/llvm/prebuilt/linux-x86_64/bin/clang --target=i686-none-linux-android26 --sysroot=/home/symbol/Android/Sdk/ndk/android-ndk-r25c/toolchains/llvm/prebuilt/linux-x86_64/sysroot   -g -DANDROID -fdata-sections -ffunction-sections -funwind-tables -fstack-protector-strong -no-canonical-prefixes -D_FORTIFY_SOURCE=2 -Wformat -Werror=format-security   -fPIE   -o CMakeFiles/cmTC_c0906.dir/CheckIncludeFile.c.o   -c /home/symbol/test/testlib_srtp/x86/CMakeFiles/CMakeTmp/CheckIncludeFile.c
Linking C executable cmTC_c0906
/usr/bin/cmake -E cmake_link_script CMakeFiles/cmTC_c0906.dir/link.txt --verbose=1
/home/symbol/Android/Sdk/ndk/android-ndk-r25c/toolchains/llvm/prebuilt/linux-x86_64/bin/clang --target=i686-none-linux-android26 --sysroot=/home/symbol/Android/Sdk/ndk/android-ndk-r25c/toolchains/llvm/prebuilt/linux-x86_64/sysroot -g -DANDROID -fdata-sections -ffunction-sections -funwind-tables -fstack-protector-strong -no-canonical-prefixes -D_FORTIFY_SOURCE=2 -Wformat -Werror=format-security    -static-libstdc++ -Wl,--build-id=sha1 -Wl,--no-rosegment -Wl,--fatal-warnings -Wl,--no-undefined -Qunused-arguments    CMakeFiles/cmTC_c0906.dir/CheckIncludeFile.c.o  -o cmTC_c0906  -latomic -lm 
make[1]: Leaving directory '/home/symbol/test/testlib_srtp/x86/CMakeFiles/CMakeTmp'



Determining size of unsigned short passed with the following output:
Change Dir: /home/symbol/test/testlib_srtp/x86/CMakeFiles/CMakeTmp

Run Build Command(s):/usr/bin/make cmTC_319db/fast && /usr/bin/make -f CMakeFiles/cmTC_319db.dir/build.make CMakeFiles/cmTC_319db.dir/build
make[1]: Entering directory '/home/symbol/test/testlib_srtp/x86/CMakeFiles/CMakeTmp'
Building C object CMakeFiles/cmTC_319db.dir/CMAKE_SIZEOF_UNSIGNED_SHORT.c.o
/home/symbol/Android/Sdk/ndk/android-ndk-r25c/toolchains/llvm/prebuilt/linux-x86_64/bin/clang --target=i686-none-linux-android26 --sysroot=/home/symbol/Android/Sdk/ndk/android-ndk-r25c/toolchains/llvm/prebuilt/linux-x86_64/sysroot   -g -DANDROID -fdata-sections -ffunction-sections -funwind-tables -fstack-protector-strong -no-canonical-prefixes -D_FORTIFY_SOURCE=2 -Wformat -Werror=format-security   -fPIE   -o CMakeFiles/cmTC_319db.dir/CMAKE_SIZEOF_UNSIGNED_SHORT.c.o   -c /home/symbol/test/testlib_srtp/x86/CMakeFiles/CheckTypeSize/CMAKE_SIZEOF_UNSIGNED_SHORT.c
Linking C executable cmTC_319db
/usr/bin/cmake -E cmake_link_script CMakeFiles/cmTC_319db.dir/link.txt --verbose=1
/home/symbol/Android/Sdk/ndk/android-ndk-r25c/toolchains/llvm/prebuilt/linux-x86_64/bin/clang --target=i686-none-linux-android26 --sysroot=/home/symbol/Android/Sdk/ndk/android-ndk-r25c/toolchains/llvm/prebuilt/linux-x86_64/sysroot -g -DANDROID -fdata-sections -ffunction-sections -funwind-tables -fstack-protector-strong -no-canonical-prefixes -D_FORTIFY_SOURCE=2 -Wformat -Werror=format-security    -static-libstdc++ -Wl,--build-id=sha1 -Wl,--no-rosegment -Wl,--fatal-warnings -Wl,--no-undefined -Qunused-arguments    CMakeFiles/cmTC_319db.dir/CMAKE_SIZEOF_UNSIGNED_SHORT.c.o  -o cmTC_319db  -latomic -lm 
make[1]: Leaving directory '/home/symbol/test/testlib_srtp/x86/CMakeFiles/CMakeTmp'



Determining if the system is big endian passed with the following output:
Change Dir: /home/symbol/test/testlib_srtp/x86/CMakeFiles/CMakeTmp

Run Build Command(s):/usr/bin/make cmTC_aa791/fast && /usr/bin/make -f CMakeFiles/cmTC_aa791.dir/build.make CMakeFiles/cmTC_aa791.dir/build
make[1]: Entering directory '/home/symbol/test/testlib_srtp/x86/CMakeFiles/CMakeTmp'
Building C object CMakeFiles/cmTC_aa791.dir/TestEndianess.c.o
/home/symbol/Android/Sdk/ndk/android-ndk-r25c/toolchains/llvm/prebuilt/linux-x86_64/bin/clang --target=i686-none-linux-android26 --sysroot=/home/symbol/Android/Sdk/ndk/android-ndk-r25c/toolchains/llvm/prebuilt/linux-x86_64/sysroot   -g -DANDROID -fdata-sections -ffunction-sections -funwind-tables -fstack-protector-strong -no-canonical-prefixes -D_FORTIFY_SOURCE=2 -Wformat -Werror=format-security   -fPIE   -o CMakeFiles/cmTC_aa791.dir/TestEndianess.c.o   -c /home/symbol/test/testlib_srtp/x86/CMakeFiles/CMakeTmp/TestEndianess.c
Linking C executable cmTC_aa791
/usr/bin/cmake -E cmake_link_script CMakeFiles/cmTC_aa791.dir/link.txt --verbose=1
/home/symbol/Android/Sdk/ndk/android-ndk-r25c/toolchains/llvm/prebuilt/linux-x86_64/bin/clang --target=i686-none-linux-android26 --sysroot=/home/symbol/Android/Sdk/ndk/android-ndk-r25c/toolchains/llvm/prebuilt/linux-x86_64/sysroot -g -DANDROID -fdata-sections -ffunction-sections -funwind-tables -fstack-protector-strong -no-canonical-prefixes -D_FORTIFY_SOURCE=2 -Wformat -Werror=format-security    -static-libstdc++ -Wl,--build-id=sha1 -Wl,--no-rosegment -Wl,--fatal-warnings -Wl,--no-undefined -Qunused-arguments    CMakeFiles/cmTC_aa791.dir/TestEndianess.c.o  -o cmTC_aa791  -latomic -lm 
make[1]: Leaving directory '/home/symbol/test/testlib_srtp/x86/CMakeFiles/CMakeTmp'


TestEndianess.c:
/* A 16 bit integer is required. */
typedef unsigned short cmakeint16;

/* On a little endian machine, these 16bit ints will give "THIS IS LITTLE ENDIAN."
   On a big endian machine the characters will be exchanged pairwise. */
const cmakeint16 info_little[] =  {0x4854, 0x5349, 0x4920, 0x2053, 0x494c, 0x5454, 0x454c, 0x4520, 0x444e, 0x4149, 0x2e4e, 0x0000};

/* on a big endian machine, these 16bit ints will give "THIS IS BIG ENDIAN."
   On a little endian machine the characters will be exchanged pairwise. */
const cmakeint16 info_big[] =     {0x5448, 0x4953, 0x2049, 0x5320, 0x4249, 0x4720, 0x454e, 0x4449, 0x414e, 0x2e2e, 0x0000};

#ifdef __CLASSIC_C__
int main(argc, argv) int argc; char *argv[];
#else
int main(int argc, char *argv[])
#endif
{
  int require = 0;
  require += info_little[argc];
  require += info_big[argc];
  (void)argv;
  return require;
}


Determining if the include file arpa/inet.h exists passed with the following output:
Change Dir: /home/symbol/test/testlib_srtp/x86/CMakeFiles/CMakeTmp

Run Build Command(s):/usr/bin/make cmTC_af9a5/fast && /usr/bin/make -f CMakeFiles/cmTC_af9a5.dir/build.make CMakeFiles/cmTC_af9a5.dir/build
make[1]: Entering directory '/home/symbol/test/testlib_srtp/x86/CMakeFiles/CMakeTmp'
Building C object CMakeFiles/cmTC_af9a5.dir/CheckIncludeFile.c.o
/home/symbol/Android/Sdk/ndk/android-ndk-r25c/toolchains/llvm/prebuilt/linux-x86_64/bin/clang --target=i686-none-linux-android26 --sysroot=/home/symbol/Android/Sdk/ndk/android-ndk-r25c/toolchains/llvm/prebuilt/linux-x86_64/sysroot   -g -DANDROID -fdata-sections -ffunction-sections -funwind-tables -fstack-protector-strong -no-canonical-prefixes -D_FORTIFY_SOURCE=2 -Wformat -Werror=format-security   -fPIE   -o CMakeFiles/cmTC_af9a5.dir/CheckIncludeFile.c.o   -c /home/symbol/test/testlib_srtp/x86/CMakeFiles/CMakeTmp/CheckIncludeFile.c
Linking C executable cmTC_af9a5
/usr/bin/cmake -E cmake_link_script CMakeFiles/cmTC_af9a5.dir/link.txt --verbose=1
/home/symbol/Android/Sdk/ndk/android-ndk-r25c/toolchains/llvm/prebuilt/linux-x86_64/bin/clang --target=i686-none-linux-android26 --sysroot=/home/symbol/Android/Sdk/ndk/android-ndk-r25c/toolchains/llvm/prebuilt/linux-x86_64/sysroot -g -DANDROID -fdata-sections -ffunction-sections -funwind-tables -fstack-protector-strong -no-canonical-prefixes -D_FORTIFY_SOURCE=2 -Wformat -Werror=format-security    -static-libstdc++ -Wl,--build-id=sha1 -Wl,--no-rosegment -Wl,--fatal-warnings -Wl,--no-undefined -Qunused-arguments    CMakeFiles/cmTC_af9a5.dir/CheckIncludeFile.c.o  -o cmTC_af9a5  -latomic -lm 
make[1]: Leaving directory '/home/symbol/test/testlib_srtp/x86/CMakeFiles/CMakeTmp'



Determining if the include file byteswap.h exists passed with the following output:
Change Dir: /home/symbol/test/testlib_srtp/x86/CMakeFiles/CMakeTmp

Run Build Command(s):/usr/bin/make cmTC_8954d/fast && /usr/bin/make -f CMakeFiles/cmTC_8954d.dir/build.make CMakeFiles/cmTC_8954d.dir/build
make[1]: Entering directory '/home/symbol/test/testlib_srtp/x86/CMakeFiles/CMakeTmp'
Building C object CMakeFiles/cmTC_8954d.dir/CheckIncludeFile.c.o
/home/symbol/Android/Sdk/ndk/android-ndk-r25c/toolchains/llvm/prebuilt/linux-x86_64/bin/clang --target=i686-none-linux-android26 --sysroot=/home/symbol/Android/Sdk/ndk/android-ndk-r25c/toolchains/llvm/prebuilt/linux-x86_64/sysroot   -g -DANDROID -fdata-sections -ffunction-sections -funwind-tables -fstack-protector-strong -no-canonical-prefixes -D_FORTIFY_SOURCE=2 -Wformat -Werror=format-security   -fPIE   -o CMakeFiles/cmTC_8954d.dir/CheckIncludeFile.c.o   -c /home/symbol/test/testlib_srtp/x86/CMakeFiles/CMakeTmp/CheckIncludeFile.c
Linking C executable cmTC_8954d
/usr/bin/cmake -E cmake_link_script CMakeFiles/cmTC_8954d.dir/link.txt --verbose=1
/home/symbol/Android/Sdk/ndk/android-ndk-r25c/toolchains/llvm/prebuilt/linux-x86_64/bin/clang --target=i686-none-linux-android26 --sysroot=/home/symbol/Android/Sdk/ndk/android-ndk-r25c/toolchains/llvm/prebuilt/linux-x86_64/sysroot -g -DANDROID -fdata-sections -ffunction-sections -funwind-tables -fstack-protector-strong -no-canonical-prefixes -D_FORTIFY_SOURCE=2 -Wformat -Werror=format-security    -static-libstdc++ -Wl,--build-id=sha1 -Wl,--no-rosegment -Wl,--fatal-warnings -Wl,--no-undefined -Qunused-arguments    CMakeFiles/cmTC_8954d.dir/CheckIncludeFile.c.o  -o cmTC_8954d  -latomic -lm 
make[1]: Leaving directory '/home/symbol/test/testlib_srtp/x86/CMakeFiles/CMakeTmp'



Determining if the include file inttypes.h exists passed with the following output:
Change Dir: /home/symbol/test/testlib_srtp/x86/CMakeFiles/CMakeTmp

Run Build Command(s):/usr/bin/make cmTC_2959b/fast && /usr/bin/make -f CMakeFiles/cmTC_2959b.dir/build.make CMakeFiles/cmTC_2959b.dir/build
make[1]: Entering directory '/home/symbol/test/testlib_srtp/x86/CMakeFiles/CMakeTmp'
Building C object CMakeFiles/cmTC_2959b.dir/CheckIncludeFile.c.o
/home/symbol/Android/Sdk/ndk/android-ndk-r25c/toolchains/llvm/prebuilt/linux-x86_64/bin/clang --target=i686-none-linux-android26 --sysroot=/home/symbol/Android/Sdk/ndk/android-ndk-r25c/toolchains/llvm/prebuilt/linux-x86_64/sysroot   -g -DANDROID -fdata-sections -ffunction-sections -funwind-tables -fstack-protector-strong -no-canonical-prefixes -D_FORTIFY_SOURCE=2 -Wformat -Werror=format-security   -fPIE   -o CMakeFiles/cmTC_2959b.dir/CheckIncludeFile.c.o   -c /home/symbol/test/testlib_srtp/x86/CMakeFiles/CMakeTmp/CheckIncludeFile.c
Linking C executable cmTC_2959b
/usr/bin/cmake -E cmake_link_script CMakeFiles/cmTC_2959b.dir/link.txt --verbose=1
/home/symbol/Android/Sdk/ndk/android-ndk-r25c/toolchains/llvm/prebuilt/linux-x86_64/bin/clang --target=i686-none-linux-android26 --sysroot=/home/symbol/Android/Sdk/ndk/android-ndk-r25c/toolchains/llvm/prebuilt/linux-x86_64/sysroot -g -DANDROID -fdata-sections -ffunction-sections -funwind-tables -fstack-protector-strong -no-canonical-prefixes -D_FORTIFY_SOURCE=2 -Wformat -Werror=format-security    -static-libstdc++ -Wl,--build-id=sha1 -Wl,--no-rosegment -Wl,--fatal-warnings -Wl,--no-undefined -Qunused-arguments    CMakeFiles/cmTC_2959b.dir/CheckIncludeFile.c.o  -o cmTC_2959b  -latomic -lm 
make[1]: Leaving directory '/home/symbol/test/testlib_srtp/x86/CMakeFiles/CMakeTmp'



Determining if the include file netinet/in.h exists passed with the following output:
Change Dir: /home/symbol/test/testlib_srtp/x86/CMakeFiles/CMakeTmp

Run Build Command(s):/usr/bin/make cmTC_06af1/fast && /usr/bin/make -f CMakeFiles/cmTC_06af1.dir/build.make CMakeFiles/cmTC_06af1.dir/build
make[1]: Entering directory '/home/symbol/test/testlib_srtp/x86/CMakeFiles/CMakeTmp'
Building C object CMakeFiles/cmTC_06af1.dir/CheckIncludeFile.c.o
/home/symbol/Android/Sdk/ndk/android-ndk-r25c/toolchains/llvm/prebuilt/linux-x86_64/bin/clang --target=i686-none-linux-android26 --sysroot=/home/symbol/Android/Sdk/ndk/android-ndk-r25c/toolchains/llvm/prebuilt/linux-x86_64/sysroot   -g -DANDROID -fdata-sections -ffunction-sections -funwind-tables -fstack-protector-strong -no-canonical-prefixes -D_FORTIFY_SOURCE=2 -Wformat -Werror=format-security   -fPIE   -o CMakeFiles/cmTC_06af1.dir/CheckIncludeFile.c.o   -c /home/symbol/test/testlib_srtp/x86/CMakeFiles/CMakeTmp/CheckIncludeFile.c
Linking C executable cmTC_06af1
/usr/bin/cmake -E cmake_link_script CMakeFiles/cmTC_06af1.dir/link.txt --verbose=1
/home/symbol/Android/Sdk/ndk/android-ndk-r25c/toolchains/llvm/prebuilt/linux-x86_64/bin/clang --target=i686-none-linux-android26 --sysroot=/home/symbol/Android/Sdk/ndk/android-ndk-r25c/toolchains/llvm/prebuilt/linux-x86_64/sysroot -g -DANDROID -fdata-sections -ffunction-sections -funwind-tables -fstack-protector-strong -no-canonical-prefixes -D_FORTIFY_SOURCE=2 -Wformat -Werror=format-security    -static-libstdc++ -Wl,--build-id=sha1 -Wl,--no-rosegment -Wl,--fatal-warnings -Wl,--no-undefined -Qunused-arguments    CMakeFiles/cmTC_06af1.dir/CheckIncludeFile.c.o  -o cmTC_06af1  -latomic -lm 
make[1]: Leaving directory '/home/symbol/test/testlib_srtp/x86/CMakeFiles/CMakeTmp'



Determining if the include file stdlib.h exists passed with the following output:
Change Dir: /home/symbol/test/testlib_srtp/x86/CMakeFiles/CMakeTmp

Run Build Command(s):/usr/bin/make cmTC_293a7/fast && /usr/bin/make -f CMakeFiles/cmTC_293a7.dir/build.make CMakeFiles/cmTC_293a7.dir/build
make[1]: Entering directory '/home/symbol/test/testlib_srtp/x86/CMakeFiles/CMakeTmp'
Building C object CMakeFiles/cmTC_293a7.dir/CheckIncludeFile.c.o
/home/symbol/Android/Sdk/ndk/android-ndk-r25c/toolchains/llvm/prebuilt/linux-x86_64/bin/clang --target=i686-none-linux-android26 --sysroot=/home/symbol/Android/Sdk/ndk/android-ndk-r25c/toolchains/llvm/prebuilt/linux-x86_64/sysroot   -g -DANDROID -fdata-sections -ffunction-sections -funwind-tables -fstack-protector-strong -no-canonical-prefixes -D_FORTIFY_SOURCE=2 -Wformat -Werror=format-security   -fPIE   -o CMakeFiles/cmTC_293a7.dir/CheckIncludeFile.c.o   -c /home/symbol/test/testlib_srtp/x86/CMakeFiles/CMakeTmp/CheckIncludeFile.c
Linking C executable cmTC_293a7
/usr/bin/cmake -E cmake_link_script CMakeFiles/cmTC_293a7.dir/link.txt --verbose=1
/home/symbol/Android/Sdk/ndk/android-ndk-r25c/toolchains/llvm/prebuilt/linux-x86_64/bin/clang --target=i686-none-linux-android26 --sysroot=/home/symbol/Android/Sdk/ndk/android-ndk-r25c/toolchains/llvm/prebuilt/linux-x86_64/sysroot -g -DANDROID -fdata-sections -ffunction-sections -funwind-tables -fstack-protector-strong -no-canonical-prefixes -D_FORTIFY_SOURCE=2 -Wformat -Werror=format-security    -static-libstdc++ -Wl,--build-id=sha1 -Wl,--no-rosegment -Wl,--fatal-warnings -Wl,--no-undefined -Qunused-arguments    CMakeFiles/cmTC_293a7.dir/CheckIncludeFile.c.o  -o cmTC_293a7  -latomic -lm 
make[1]: Leaving directory '/home/symbol/test/testlib_srtp/x86/CMakeFiles/CMakeTmp'



Determining if the include file sys/socket.h exists passed with the following output:
Change Dir: /home/symbol/test/testlib_srtp/x86/CMakeFiles/CMakeTmp

Run Build Command(s):/usr/bin/make cmTC_cfa63/fast && /usr/bin/make -f CMakeFiles/cmTC_cfa63.dir/build.make CMakeFiles/cmTC_cfa63.dir/build
make[1]: Entering directory '/home/symbol/test/testlib_srtp/x86/CMakeFiles/CMakeTmp'
Building C object CMakeFiles/cmTC_cfa63.dir/CheckIncludeFile.c.o
/home/symbol/Android/Sdk/ndk/android-ndk-r25c/toolchains/llvm/prebuilt/linux-x86_64/bin/clang --target=i686-none-linux-android26 --sysroot=/home/symbol/Android/Sdk/ndk/android-ndk-r25c/toolchains/llvm/prebuilt/linux-x86_64/sysroot   -g -DANDROID -fdata-sections -ffunction-sections -funwind-tables -fstack-protector-strong -no-canonical-prefixes -D_FORTIFY_SOURCE=2 -Wformat -Werror=format-security   -fPIE   -o CMakeFiles/cmTC_cfa63.dir/CheckIncludeFile.c.o   -c /home/symbol/test/testlib_srtp/x86/CMakeFiles/CMakeTmp/CheckIncludeFile.c
Linking C executable cmTC_cfa63
/usr/bin/cmake -E cmake_link_script CMakeFiles/cmTC_cfa63.dir/link.txt --verbose=1
/home/symbol/Android/Sdk/ndk/android-ndk-r25c/toolchains/llvm/prebuilt/linux-x86_64/bin/clang --target=i686-none-linux-android26 --sysroot=/home/symbol/Android/Sdk/ndk/android-ndk-r25c/toolchains/llvm/prebuilt/linux-x86_64/sysroot -g -DANDROID -fdata-sections -ffunction-sections -funwind-tables -fstack-protector-strong -no-canonical-prefixes -D_FORTIFY_SOURCE=2 -Wformat -Werror=format-security    -static-libstdc++ -Wl,--build-id=sha1 -Wl,--no-rosegment -Wl,--fatal-warnings -Wl,--no-undefined -Qunused-arguments    CMakeFiles/cmTC_cfa63.dir/CheckIncludeFile.c.o  -o cmTC_cfa63  -latomic -lm 
make[1]: Leaving directory '/home/symbol/test/testlib_srtp/x86/CMakeFiles/CMakeTmp'



Determining if the include file unistd.h exists passed with the following output:
Change Dir: /home/symbol/test/testlib_srtp/x86/CMakeFiles/CMakeTmp

Run Build Command(s):/usr/bin/make cmTC_f61a0/fast && /usr/bin/make -f CMakeFiles/cmTC_f61a0.dir/build.make CMakeFiles/cmTC_f61a0.dir/build
make[1]: Entering directory '/home/symbol/test/testlib_srtp/x86/CMakeFiles/CMakeTmp'
Building C object CMakeFiles/cmTC_f61a0.dir/CheckIncludeFile.c.o
/home/symbol/Android/Sdk/ndk/android-ndk-r25c/toolchains/llvm/prebuilt/linux-x86_64/bin/clang --target=i686-none-linux-android26 --sysroot=/home/symbol/Android/Sdk/ndk/android-ndk-r25c/toolchains/llvm/prebuilt/linux-x86_64/sysroot   -g -DANDROID -fdata-sections -ffunction-sections -funwind-tables -fstack-protector-strong -no-canonical-prefixes -D_FORTIFY_SOURCE=2 -Wformat -Werror=format-security   -fPIE   -o CMakeFiles/cmTC_f61a0.dir/CheckIncludeFile.c.o   -c /home/symbol/test/testlib_srtp/x86/CMakeFiles/CMakeTmp/CheckIncludeFile.c
Linking C executable cmTC_f61a0
/usr/bin/cmake -E cmake_link_script CMakeFiles/cmTC_f61a0.dir/link.txt --verbose=1
/home/symbol/Android/Sdk/ndk/android-ndk-r25c/toolchains/llvm/prebuilt/linux-x86_64/bin/clang --target=i686-none-linux-android26 --sysroot=/home/symbol/Android/Sdk/ndk/android-ndk-r25c/toolchains/llvm/prebuilt/linux-x86_64/sysroot -g -DANDROID -fdata-sections -ffunction-sections -funwind-tables -fstack-protector-strong -no-canonical-prefixes -D_FORTIFY_SOURCE=2 -Wformat -Werror=format-security    -static-libstdc++ -Wl,--build-id=sha1 -Wl,--no-rosegment -Wl,--fatal-warnings -Wl,--no-undefined -Qunused-arguments    CMakeFiles/cmTC_f61a0.dir/CheckIncludeFile.c.o  -o cmTC_f61a0  -latomic -lm 
make[1]: Leaving directory '/home/symbol/test/testlib_srtp/x86/CMakeFiles/CMakeTmp'



Determining if the function sigaction exists passed with the following output:
Change Dir: /home/symbol/test/testlib_srtp/x86/CMakeFiles/CMakeTmp

Run Build Command(s):/usr/bin/make cmTC_3dfab/fast && /usr/bin/make -f CMakeFiles/cmTC_3dfab.dir/build.make CMakeFiles/cmTC_3dfab.dir/build
make[1]: Entering directory '/home/symbol/test/testlib_srtp/x86/CMakeFiles/CMakeTmp'
Building C object CMakeFiles/cmTC_3dfab.dir/CheckFunctionExists.c.o
/home/symbol/Android/Sdk/ndk/android-ndk-r25c/toolchains/llvm/prebuilt/linux-x86_64/bin/clang --target=i686-none-linux-android26 --sysroot=/home/symbol/Android/Sdk/ndk/android-ndk-r25c/toolchains/llvm/prebuilt/linux-x86_64/sysroot   -g -DANDROID -fdata-sections -ffunction-sections -funwind-tables -fstack-protector-strong -no-canonical-prefixes -D_FORTIFY_SOURCE=2 -Wformat -Werror=format-security  -DCHECK_FUNCTION_EXISTS=sigaction -fPIE   -o CMakeFiles/cmTC_3dfab.dir/CheckFunctionExists.c.o   -c /usr/share/cmake-3.16/Modules/CheckFunctionExists.c
Linking C executable cmTC_3dfab
/usr/bin/cmake -E cmake_link_script CMakeFiles/cmTC_3dfab.dir/link.txt --verbose=1
/home/symbol/Android/Sdk/ndk/android-ndk-r25c/toolchains/llvm/prebuilt/linux-x86_64/bin/clang --target=i686-none-linux-android26 --sysroot=/home/symbol/Android/Sdk/ndk/android-ndk-r25c/toolchains/llvm/prebuilt/linux-x86_64/sysroot -g -DANDROID -fdata-sections -ffunction-sections -funwind-tables -fstack-protector-strong -no-canonical-prefixes -D_FORTIFY_SOURCE=2 -Wformat -Werror=format-security  -DCHECK_FUNCTION_EXISTS=sigaction  -static-libstdc++ -Wl,--build-id=sha1 -Wl,--no-rosegment -Wl,--fatal-warnings -Wl,--no-undefined -Qunused-arguments    CMakeFiles/cmTC_3dfab.dir/CheckFunctionExists.c.o  -o cmTC_3dfab  -latomic -lm 
make[1]: Leaving directory '/home/symbol/test/testlib_srtp/x86/CMakeFiles/CMakeTmp'



Determining if the function inet_aton exists passed with the following output:
Change Dir: /home/symbol/test/testlib_srtp/x86/CMakeFiles/CMakeTmp

Run Build Command(s):/usr/bin/make cmTC_ab4c4/fast && /usr/bin/make -f CMakeFiles/cmTC_ab4c4.dir/build.make CMakeFiles/cmTC_ab4c4.dir/build
make[1]: Entering directory '/home/symbol/test/testlib_srtp/x86/CMakeFiles/CMakeTmp'
Building C object CMakeFiles/cmTC_ab4c4.dir/CheckFunctionExists.c.o
/home/symbol/Android/Sdk/ndk/android-ndk-r25c/toolchains/llvm/prebuilt/linux-x86_64/bin/clang --target=i686-none-linux-android26 --sysroot=/home/symbol/Android/Sdk/ndk/android-ndk-r25c/toolchains/llvm/prebuilt/linux-x86_64/sysroot   -g -DANDROID -fdata-sections -ffunction-sections -funwind-tables -fstack-protector-strong -no-canonical-prefixes -D_FORTIFY_SOURCE=2 -Wformat -Werror=format-security  -DCHECK_FUNCTION_EXISTS=inet_aton -fPIE   -o CMakeFiles/cmTC_ab4c4.dir/CheckFunctionExists.c.o   -c /usr/share/cmake-3.16/Modules/CheckFunctionExists.c
Linking C executable cmTC_ab4c4
/usr/bin/cmake -E cmake_link_script CMakeFiles/cmTC_ab4c4.dir/link.txt --verbose=1
/home/symbol/Android/Sdk/ndk/android-ndk-r25c/toolchains/llvm/prebuilt/linux-x86_64/bin/clang --target=i686-none-linux-android26 --sysroot=/home/symbol/Android/Sdk/ndk/android-ndk-r25c/toolchains/llvm/prebuilt/linux-x86_64/sysroot -g -DANDROID -fdata-sections -ffunction-sections -funwind-tables -fstack-protector-strong -no-canonical-prefixes -D_FORTIFY_SOURCE=2 -Wformat -Werror=format-security  -DCHECK_FUNCTION_EXISTS=inet_aton  -static-libstdc++ -Wl,--build-id=sha1 -Wl,--no-rosegment -Wl,--fatal-warnings -Wl,--no-undefined -Qunused-arguments    CMakeFiles/cmTC_ab4c4.dir/CheckFunctionExists.c.o  -o cmTC_ab4c4  -latomic -lm 
make[1]: Leaving directory '/home/symbol/test/testlib_srtp/x86/CMakeFiles/CMakeTmp'



Determining if the function inet_pton exists passed with the following output:
Change Dir: /home/symbol/test/testlib_srtp/x86/CMakeFiles/CMakeTmp

Run Build Command(s):/usr/bin/make cmTC_16ceb/fast && /usr/bin/make -f CMakeFiles/cmTC_16ceb.dir/build.make CMakeFiles/cmTC_16ceb.dir/build
make[1]: Entering directory '/home/symbol/test/testlib_srtp/x86/CMakeFiles/CMakeTmp'
Building C object CMakeFiles/cmTC_16ceb.dir/CheckFunctionExists.c.o
/home/symbol/Android/Sdk/ndk/android-ndk-r25c/toolchains/llvm/prebuilt/linux-x86_64/bin/clang --target=i686-none-linux-android26 --sysroot=/home/symbol/Android/Sdk/ndk/android-ndk-r25c/toolchains/llvm/prebuilt/linux-x86_64/sysroot   -g -DANDROID -fdata-sections -ffunction-sections -funwind-tables -fstack-protector-strong -no-canonical-prefixes -D_FORTIFY_SOURCE=2 -Wformat -Werror=format-security  -DCHECK_FUNCTION_EXISTS=inet_pton -fPIE   -o CMakeFiles/cmTC_16ceb.dir/CheckFunctionExists.c.o   -c /usr/share/cmake-3.16/Modules/CheckFunctionExists.c
Linking C executable cmTC_16ceb
/usr/bin/cmake -E cmake_link_script CMakeFiles/cmTC_16ceb.dir/link.txt --verbose=1
/home/symbol/Android/Sdk/ndk/android-ndk-r25c/toolchains/llvm/prebuilt/linux-x86_64/bin/clang --target=i686-none-linux-android26 --sysroot=/home/symbol/Android/Sdk/ndk/android-ndk-r25c/toolchains/llvm/prebuilt/linux-x86_64/sysroot -g -DANDROID -fdata-sections -ffunction-sections -funwind-tables -fstack-protector-strong -no-canonical-prefixes -D_FORTIFY_SOURCE=2 -Wformat -Werror=format-security  -DCHECK_FUNCTION_EXISTS=inet_pton  -static-libstdc++ -Wl,--build-id=sha1 -Wl,--no-rosegment -Wl,--fatal-warnings -Wl,--no-undefined -Qunused-arguments    CMakeFiles/cmTC_16ceb.dir/CheckFunctionExists.c.o  -o cmTC_16ceb  -latomic -lm 
make[1]: Leaving directory '/home/symbol/test/testlib_srtp/x86/CMakeFiles/CMakeTmp'



Determining if the function usleep exists passed with the following output:
Change Dir: /home/symbol/test/testlib_srtp/x86/CMakeFiles/CMakeTmp

Run Build Command(s):/usr/bin/make cmTC_02fc2/fast && /usr/bin/make -f CMakeFiles/cmTC_02fc2.dir/build.make CMakeFiles/cmTC_02fc2.dir/build
make[1]: Entering directory '/home/symbol/test/testlib_srtp/x86/CMakeFiles/CMakeTmp'
Building C object CMakeFiles/cmTC_02fc2.dir/CheckFunctionExists.c.o
/home/symbol/Android/Sdk/ndk/android-ndk-r25c/toolchains/llvm/prebuilt/linux-x86_64/bin/clang --target=i686-none-linux-android26 --sysroot=/home/symbol/Android/Sdk/ndk/android-ndk-r25c/toolchains/llvm/prebuilt/linux-x86_64/sysroot   -g -DANDROID -fdata-sections -ffunction-sections -funwind-tables -fstack-protector-strong -no-canonical-prefixes -D_FORTIFY_SOURCE=2 -Wformat -Werror=format-security  -DCHECK_FUNCTION_EXISTS=usleep -fPIE   -o CMakeFiles/cmTC_02fc2.dir/CheckFunctionExists.c.o   -c /usr/share/cmake-3.16/Modules/CheckFunctionExists.c
Linking C executable cmTC_02fc2
/usr/bin/cmake -E cmake_link_script CMakeFiles/cmTC_02fc2.dir/link.txt --verbose=1
/home/symbol/Android/Sdk/ndk/android-ndk-r25c/toolchains/llvm/prebuilt/linux-x86_64/bin/clang --target=i686-none-linux-android26 --sysroot=/home/symbol/Android/Sdk/ndk/android-ndk-r25c/toolchains/llvm/prebuilt/linux-x86_64/sysroot -g -DANDROID -fdata-sections -ffunction-sections -funwind-tables -fstack-protector-strong -no-canonical-prefixes -D_FORTIFY_SOURCE=2 -Wformat -Werror=format-security  -DCHECK_FUNCTION_EXISTS=usleep  -static-libstdc++ -Wl,--build-id=sha1 -Wl,--no-rosegment -Wl,--fatal-warnings -Wl,--no-undefined -Qunused-arguments    CMakeFiles/cmTC_02fc2.dir/CheckFunctionExists.c.o  -o cmTC_02fc2  -latomic -lm 
make[1]: Leaving directory '/home/symbol/test/testlib_srtp/x86/CMakeFiles/CMakeTmp'



Determining size of uint8_t passed with the following output:
Change Dir: /home/symbol/test/testlib_srtp/x86/CMakeFiles/CMakeTmp

Run Build Command(s):/usr/bin/make cmTC_f1bd1/fast && /usr/bin/make -f CMakeFiles/cmTC_f1bd1.dir/build.make CMakeFiles/cmTC_f1bd1.dir/build
make[1]: Entering directory '/home/symbol/test/testlib_srtp/x86/CMakeFiles/CMakeTmp'
Building C object CMakeFiles/cmTC_f1bd1.dir/UINT8_T.c.o
/home/symbol/Android/Sdk/ndk/android-ndk-r25c/toolchains/llvm/prebuilt/linux-x86_64/bin/clang --target=i686-none-linux-android26 --sysroot=/home/symbol/Android/Sdk/ndk/android-ndk-r25c/toolchains/llvm/prebuilt/linux-x86_64/sysroot   -g -DANDROID -fdata-sections -ffunction-sections -funwind-tables -fstack-protector-strong -no-canonical-prefixes -D_FORTIFY_SOURCE=2 -Wformat -Werror=format-security   -fPIE   -o CMakeFiles/cmTC_f1bd1.dir/UINT8_T.c.o   -c /home/symbol/test/testlib_srtp/x86/CMakeFiles/CheckTypeSize/UINT8_T.c
Linking C executable cmTC_f1bd1
/usr/bin/cmake -E cmake_link_script CMakeFiles/cmTC_f1bd1.dir/link.txt --verbose=1
/home/symbol/Android/Sdk/ndk/android-ndk-r25c/toolchains/llvm/prebuilt/linux-x86_64/bin/clang --target=i686-none-linux-android26 --sysroot=/home/symbol/Android/Sdk/ndk/android-ndk-r25c/toolchains/llvm/prebuilt/linux-x86_64/sysroot -g -DANDROID -fdata-sections -ffunction-sections -funwind-tables -fstack-protector-strong -no-canonical-prefixes -D_FORTIFY_SOURCE=2 -Wformat -Werror=format-security    -static-libstdc++ -Wl,--build-id=sha1 -Wl,--no-rosegment -Wl,--fatal-warnings -Wl,--no-undefined -Qunused-arguments    CMakeFiles/cmTC_f1bd1.dir/UINT8_T.c.o  -o cmTC_f1bd1  -latomic -lm 
make[1]: Leaving directory '/home/symbol/test/testlib_srtp/x86/CMakeFiles/CMakeTmp'



Determining size of uint16_t passed with the following output:
Change Dir: /home/symbol/test/testlib_srtp/x86/CMakeFiles/CMakeTmp

Run Build Command(s):/usr/bin/make cmTC_1d9c5/fast && /usr/bin/make -f CMakeFiles/cmTC_1d9c5.dir/build.make CMakeFiles/cmTC_1d9c5.dir/build
make[1]: Entering directory '/home/symbol/test/testlib_srtp/x86/CMakeFiles/CMakeTmp'
Building C object CMakeFiles/cmTC_1d9c5.dir/UINT16_T.c.o
/home/symbol/Android/Sdk/ndk/android-ndk-r25c/toolchains/llvm/prebuilt/linux-x86_64/bin/clang --target=i686-none-linux-android26 --sysroot=/home/symbol/Android/Sdk/ndk/android-ndk-r25c/toolchains/llvm/prebuilt/linux-x86_64/sysroot   -g -DANDROID -fdata-sections -ffunction-sections -funwind-tables -fstack-protector-strong -no-canonical-prefixes -D_FORTIFY_SOURCE=2 -Wformat -Werror=format-security   -fPIE   -o CMakeFiles/cmTC_1d9c5.dir/UINT16_T.c.o   -c /home/symbol/test/testlib_srtp/x86/CMakeFiles/CheckTypeSize/UINT16_T.c
Linking C executable cmTC_1d9c5
/usr/bin/cmake -E cmake_link_script CMakeFiles/cmTC_1d9c5.dir/link.txt --verbose=1
/home/symbol/Android/Sdk/ndk/android-ndk-r25c/toolchains/llvm/prebuilt/linux-x86_64/bin/clang --target=i686-none-linux-android26 --sysroot=/home/symbol/Android/Sdk/ndk/android-ndk-r25c/toolchains/llvm/prebuilt/linux-x86_64/sysroot -g -DANDROID -fdata-sections -ffunction-sections -funwind-tables -fstack-protector-strong -no-canonical-prefixes -D_FORTIFY_SOURCE=2 -Wformat -Werror=format-security    -static-libstdc++ -Wl,--build-id=sha1 -Wl,--no-rosegment -Wl,--fatal-warnings -Wl,--no-undefined -Qunused-arguments    CMakeFiles/cmTC_1d9c5.dir/UINT16_T.c.o  -o cmTC_1d9c5  -latomic -lm 
make[1]: Leaving directory '/home/symbol/test/testlib_srtp/x86/CMakeFiles/CMakeTmp'



Determining size of uint32_t passed with the following output:
Change Dir: /home/symbol/test/testlib_srtp/x86/CMakeFiles/CMakeTmp

Run Build Command(s):/usr/bin/make cmTC_e5cde/fast && /usr/bin/make -f CMakeFiles/cmTC_e5cde.dir/build.make CMakeFiles/cmTC_e5cde.dir/build
make[1]: Entering directory '/home/symbol/test/testlib_srtp/x86/CMakeFiles/CMakeTmp'
Building C object CMakeFiles/cmTC_e5cde.dir/UINT32_T.c.o
/home/symbol/Android/Sdk/ndk/android-ndk-r25c/toolchains/llvm/prebuilt/linux-x86_64/bin/clang --target=i686-none-linux-android26 --sysroot=/home/symbol/Android/Sdk/ndk/android-ndk-r25c/toolchains/llvm/prebuilt/linux-x86_64/sysroot   -g -DANDROID -fdata-sections -ffunction-sections -funwind-tables -fstack-protector-strong -no-canonical-prefixes -D_FORTIFY_SOURCE=2 -Wformat -Werror=format-security   -fPIE   -o CMakeFiles/cmTC_e5cde.dir/UINT32_T.c.o   -c /home/symbol/test/testlib_srtp/x86/CMakeFiles/CheckTypeSize/UINT32_T.c
Linking C executable cmTC_e5cde
/usr/bin/cmake -E cmake_link_script CMakeFiles/cmTC_e5cde.dir/link.txt --verbose=1
/home/symbol/Android/Sdk/ndk/android-ndk-r25c/toolchains/llvm/prebuilt/linux-x86_64/bin/clang --target=i686-none-linux-android26 --sysroot=/home/symbol/Android/Sdk/ndk/android-ndk-r25c/toolchains/llvm/prebuilt/linux-x86_64/sysroot -g -DANDROID -fdata-sections -ffunction-sections -funwind-tables -fstack-protector-strong -no-canonical-prefixes -D_FORTIFY_SOURCE=2 -Wformat -Werror=format-security    -static-libstdc++ -Wl,--build-id=sha1 -Wl,--no-rosegment -Wl,--fatal-warnings -Wl,--no-undefined -Qunused-arguments    CMakeFiles/cmTC_e5cde.dir/UINT32_T.c.o  -o cmTC_e5cde  -latomic -lm 
make[1]: Leaving directory '/home/symbol/test/testlib_srtp/x86/CMakeFiles/CMakeTmp'



Determining size of uint64_t passed with the following output:
Change Dir: /home/symbol/test/testlib_srtp/x86/CMakeFiles/CMakeTmp

Run Build Command(s):/usr/bin/make cmTC_a3742/fast && /usr/bin/make -f CMakeFiles/cmTC_a3742.dir/build.make CMakeFiles/cmTC_a3742.dir/build
make[1]: Entering directory '/home/symbol/test/testlib_srtp/x86/CMakeFiles/CMakeTmp'
Building C object CMakeFiles/cmTC_a3742.dir/UINT64_T.c.o
/home/symbol/Android/Sdk/ndk/android-ndk-r25c/toolchains/llvm/prebuilt/linux-x86_64/bin/clang --target=i686-none-linux-android26 --sysroot=/home/symbol/Android/Sdk/ndk/android-ndk-r25c/toolchains/llvm/prebuilt/linux-x86_64/sysroot   -g -DANDROID -fdata-sections -ffunction-sections -funwind-tables -fstack-protector-strong -no-canonical-prefixes -D_FORTIFY_SOURCE=2 -Wformat -Werror=format-security   -fPIE   -o CMakeFiles/cmTC_a3742.dir/UINT64_T.c.o   -c /home/symbol/test/testlib_srtp/x86/CMakeFiles/CheckTypeSize/UINT64_T.c
Linking C executable cmTC_a3742
/usr/bin/cmake -E cmake_link_script CMakeFiles/cmTC_a3742.dir/link.txt --verbose=1
/home/symbol/Android/Sdk/ndk/android-ndk-r25c/toolchains/llvm/prebuilt/linux-x86_64/bin/clang --target=i686-none-linux-android26 --sysroot=/home/symbol/Android/Sdk/ndk/android-ndk-r25c/toolchains/llvm/prebuilt/linux-x86_64/sysroot -g -DANDROID -fdata-sections -ffunction-sections -funwind-tables -fstack-protector-strong -no-canonical-prefixes -D_FORTIFY_SOURCE=2 -Wformat -Werror=format-security    -static-libstdc++ -Wl,--build-id=sha1 -Wl,--no-rosegment -Wl,--fatal-warnings -Wl,--no-undefined -Qunused-arguments    CMakeFiles/cmTC_a3742.dir/UINT64_T.c.o  -o cmTC_a3742  -latomic -lm 
make[1]: Leaving directory '/home/symbol/test/testlib_srtp/x86/CMakeFiles/CMakeTmp'



Determining size of int32_t passed with the following output:
Change Dir: /home/symbol/test/testlib_srtp/x86/CMakeFiles/CMakeTmp

Run Build Command(s):/usr/bin/make cmTC_511fb/fast && /usr/bin/make -f CMakeFiles/cmTC_511fb.dir/build.make CMakeFiles/cmTC_511fb.dir/build
make[1]: Entering directory '/home/symbol/test/testlib_srtp/x86/CMakeFiles/CMakeTmp'
Building C object CMakeFiles/cmTC_511fb.dir/INT32_T.c.o
/home/symbol/Android/Sdk/ndk/android-ndk-r25c/toolchains/llvm/prebuilt/linux-x86_64/bin/clang --target=i686-none-linux-android26 --sysroot=/home/symbol/Android/Sdk/ndk/android-ndk-r25c/toolchains/llvm/prebuilt/linux-x86_64/sysroot   -g -DANDROID -fdata-sections -ffunction-sections -funwind-tables -fstack-protector-strong -no-canonical-prefixes -D_FORTIFY_SOURCE=2 -Wformat -Werror=format-security   -fPIE   -o CMakeFiles/cmTC_511fb.dir/INT32_T.c.o   -c /home/symbol/test/testlib_srtp/x86/CMakeFiles/CheckTypeSize/INT32_T.c
Linking C executable cmTC_511fb
/usr/bin/cmake -E cmake_link_script CMakeFiles/cmTC_511fb.dir/link.txt --verbose=1
/home/symbol/Android/Sdk/ndk/android-ndk-r25c/toolchains/llvm/prebuilt/linux-x86_64/bin/clang --target=i686-none-linux-android26 --sysroot=/home/symbol/Android/Sdk/ndk/android-ndk-r25c/toolchains/llvm/prebuilt/linux-x86_64/sysroot -g -DANDROID -fdata-sections -ffunction-sections -funwind-tables -fstack-protector-strong -no-canonical-prefixes -D_FORTIFY_SOURCE=2 -Wformat -Werror=format-security    -static-libstdc++ -Wl,--build-id=sha1 -Wl,--no-rosegment -Wl,--fatal-warnings -Wl,--no-undefined -Qunused-arguments    CMakeFiles/cmTC_511fb.dir/INT32_T.c.o  -o cmTC_511fb  -latomic -lm 
make[1]: Leaving directory '/home/symbol/test/testlib_srtp/x86/CMakeFiles/CMakeTmp'



Determining size of unsigned long passed with the following output:
Change Dir: /home/symbol/test/testlib_srtp/x86/CMakeFiles/CMakeTmp

Run Build Command(s):/usr/bin/make cmTC_3ea94/fast && /usr/bin/make -f CMakeFiles/cmTC_3ea94.dir/build.make CMakeFiles/cmTC_3ea94.dir/build
make[1]: Entering directory '/home/symbol/test/testlib_srtp/x86/CMakeFiles/CMakeTmp'
Building C object CMakeFiles/cmTC_3ea94.dir/SIZEOF_UNSIGNED_LONG.c.o
/home/symbol/Android/Sdk/ndk/android-ndk-r25c/toolchains/llvm/prebuilt/linux-x86_64/bin/clang --target=i686-none-linux-android26 --sysroot=/home/symbol/Android/Sdk/ndk/android-ndk-r25c/toolchains/llvm/prebuilt/linux-x86_64/sysroot   -g -DANDROID -fdata-sections -ffunction-sections -funwind-tables -fstack-protector-strong -no-canonical-prefixes -D_FORTIFY_SOURCE=2 -Wformat -Werror=format-security   -fPIE   -o CMakeFiles/cmTC_3ea94.dir/SIZEOF_UNSIGNED_LONG.c.o   -c /home/symbol/test/testlib_srtp/x86/CMakeFiles/CheckTypeSize/SIZEOF_UNSIGNED_LONG.c
Linking C executable cmTC_3ea94
/usr/bin/cmake -E cmake_link_script CMakeFiles/cmTC_3ea94.dir/link.txt --verbose=1
/home/symbol/Android/Sdk/ndk/android-ndk-r25c/toolchains/llvm/prebuilt/linux-x86_64/bin/clang --target=i686-none-linux-android26 --sysroot=/home/symbol/Android/Sdk/ndk/android-ndk-r25c/toolchains/llvm/prebuilt/linux-x86_64/sysroot -g -DANDROID -fdata-sections -ffunction-sections -funwind-tables -fstack-protector-strong -no-canonical-prefixes -D_FORTIFY_SOURCE=2 -Wformat -Werror=format-security    -static-libstdc++ -Wl,--build-id=sha1 -Wl,--no-rosegment -Wl,--fatal-warnings -Wl,--no-undefined -Qunused-arguments    CMakeFiles/cmTC_3ea94.dir/SIZEOF_UNSIGNED_LONG.c.o  -o cmTC_3ea94  -latomic -lm 
make[1]: Leaving directory '/home/symbol/test/testlib_srtp/x86/CMakeFiles/CMakeTmp'



Determining size of unsigned long long passed with the following output:
Change Dir: /home/symbol/test/testlib_srtp/x86/CMakeFiles/CMakeTmp

Run Build Command(s):/usr/bin/make cmTC_578e6/fast && /usr/bin/make -f CMakeFiles/cmTC_578e6.dir/build.make CMakeFiles/cmTC_578e6.dir/build
make[1]: Entering directory '/home/symbol/test/testlib_srtp/x86/CMakeFiles/CMakeTmp'
Building C object CMakeFiles/cmTC_578e6.dir/SIZEOF_UNSIGNED_LONG_LONG.c.o
/home/symbol/Android/Sdk/ndk/android-ndk-r25c/toolchains/llvm/prebuilt/linux-x86_64/bin/clang --target=i686-none-linux-android26 --sysroot=/home/symbol/Android/Sdk/ndk/android-ndk-r25c/toolchains/llvm/prebuilt/linux-x86_64/sysroot   -g -DANDROID -fdata-sections -ffunction-sections -funwind-tables -fstack-protector-strong -no-canonical-prefixes -D_FORTIFY_SOURCE=2 -Wformat -Werror=format-security   -fPIE   -o CMakeFiles/cmTC_578e6.dir/SIZEOF_UNSIGNED_LONG_LONG.c.o   -c /home/symbol/test/testlib_srtp/x86/CMakeFiles/CheckTypeSize/SIZEOF_UNSIGNED_LONG_LONG.c
Linking C executable cmTC_578e6
/usr/bin/cmake -E cmake_link_script CMakeFiles/cmTC_578e6.dir/link.txt --verbose=1
/home/symbol/Android/Sdk/ndk/android-ndk-r25c/toolchains/llvm/prebuilt/linux-x86_64/bin/clang --target=i686-none-linux-android26 --sysroot=/home/symbol/Android/Sdk/ndk/android-ndk-r25c/toolchains/llvm/prebuilt/linux-x86_64/sysroot -g -DANDROID -fdata-sections -ffunction-sections -funwind-tables -fstack-protector-strong -no-canonical-prefixes -D_FORTIFY_SOURCE=2 -Wformat -Werror=format-security    -static-libstdc++ -Wl,--build-id=sha1 -Wl,--no-rosegment -Wl,--fatal-warnings -Wl,--no-undefined -Qunused-arguments    CMakeFiles/cmTC_578e6.dir/SIZEOF_UNSIGNED_LONG_LONG.c.o  -o cmTC_578e6  -latomic -lm 
make[1]: Leaving directory '/home/symbol/test/testlib_srtp/x86/CMakeFiles/CMakeTmp'



Performing C SOURCE FILE Test HAVE_INLINE succeeded with the following output:
Change Dir: /home/symbol/test/testlib_srtp/x86/CMakeFiles/CMakeTmp

Run Build Command(s):/usr/bin/make cmTC_c29d2/fast && /usr/bin/make -f CMakeFiles/cmTC_c29d2.dir/build.make CMakeFiles/cmTC_c29d2.dir/build
make[1]: Entering directory '/home/symbol/test/testlib_srtp/x86/CMakeFiles/CMakeTmp'
Building C object CMakeFiles/cmTC_c29d2.dir/src.c.o
/home/symbol/Android/Sdk/ndk/android-ndk-r25c/toolchains/llvm/prebuilt/linux-x86_64/bin/clang --target=i686-none-linux-android26 --sysroot=/home/symbol/Android/Sdk/ndk/android-ndk-r25c/toolchains/llvm/prebuilt/linux-x86_64/sysroot   -g -DANDROID -fdata-sections -ffunction-sections -funwind-tables -fstack-protector-strong -no-canonical-prefixes -D_FORTIFY_SOURCE=2 -Wformat -Werror=format-security  -DHAVE_INLINE -fPIE   -o CMakeFiles/cmTC_c29d2.dir/src.c.o   -c /home/symbol/test/testlib_srtp/x86/CMakeFiles/CMakeTmp/src.c
Linking C executable cmTC_c29d2
/usr/bin/cmake -E cmake_link_script CMakeFiles/cmTC_c29d2.dir/link.txt --verbose=1
/home/symbol/Android/Sdk/ndk/android-ndk-r25c/toolchains/llvm/prebuilt/linux-x86_64/bin/clang --target=i686-none-linux-android26 --sysroot=/home/symbol/Android/Sdk/ndk/android-ndk-r25c/toolchains/llvm/prebuilt/linux-x86_64/sysroot -g -DANDROID -fdata-sections -ffunction-sections -funwind-tables -fstack-protector-strong -no-canonical-prefixes -D_FORTIFY_SOURCE=2 -Wformat -Werror=format-security  -DHAVE_INLINE  -static-libstdc++ -Wl,--build-id=sha1 -Wl,--no-rosegment -Wl,--fatal-warnings -Wl,--no-undefined -Qunused-arguments    CMakeFiles/cmTC_c29d2.dir/src.c.o  -o cmTC_c29d2  -latomic -lm 
make[1]: Leaving directory '/home/symbol/test/testlib_srtp/x86/CMakeFiles/CMakeTmp'


Source file was:
inline void func(); void func() { } int main() { func(); return 0; }
