Determining if the include file machine/types.h exists failed with the following output:
Change Dir: /home/symbol/test/testlib_srtp/arm64-v8a/CMakeFiles/CMakeTmp

Run Build Command(s):/usr/bin/make cmTC_aa878/fast && /usr/bin/make -f CMakeFiles/cmTC_aa878.dir/build.make CMakeFiles/cmTC_aa878.dir/build
make[1]: Entering directory '/home/symbol/test/testlib_srtp/arm64-v8a/CMakeFiles/CMakeTmp'
Building C object CMakeFiles/cmTC_aa878.dir/CheckIncludeFile.c.o
/home/symbol/Android/Sdk/ndk/android-ndk-r25c/toolchains/llvm/prebuilt/linux-x86_64/bin/clang --target=aarch64-none-linux-android26 --sysroot=/home/symbol/Android/Sdk/ndk/android-ndk-r25c/toolchains/llvm/prebuilt/linux-x86_64/sysroot   -g -DANDROID -fdata-sections -ffunction-sections -funwind-tables -fstack-protector-strong -no-canonical-prefixes -D_FORTIFY_SOURCE=2 -Wformat -Werror=format-security   -fPIE   -o CMakeFiles/cmTC_aa878.dir/CheckIncludeFile.c.o   -c /home/symbol/test/testlib_srtp/arm64-v8a/CMakeFiles/CMakeTmp/CheckIncludeFile.c
/home/symbol/test/testlib_srtp/arm64-v8a/CMakeFiles/CMakeTmp/CheckIncludeFile.c:1:10: fatal error: 'machine/types.h' file not found
#include <machine/types.h>
         ^~~~~~~~~~~~~~~~~
1 error generated.
make[1]: *** [CMakeFiles/cmTC_aa878.dir/build.make:66: CMakeFiles/cmTC_aa878.dir/CheckIncludeFile.c.o] Error 1
make[1]: Leaving directory '/home/symbol/test/testlib_srtp/arm64-v8a/CMakeFiles/CMakeTmp'
make: *** [Makefile:121: cmTC_aa878/fast] Error 2



Determining if the include file sys/int_types.h exists failed with the following output:
Change Dir: /home/symbol/test/testlib_srtp/arm64-v8a/CMakeFiles/CMakeTmp

Run Build Command(s):/usr/bin/make cmTC_ea887/fast && /usr/bin/make -f CMakeFiles/cmTC_ea887.dir/build.make CMakeFiles/cmTC_ea887.dir/build
make[1]: Entering directory '/home/symbol/test/testlib_srtp/arm64-v8a/CMakeFiles/CMakeTmp'
Building C object CMakeFiles/cmTC_ea887.dir/CheckIncludeFile.c.o
/home/symbol/Android/Sdk/ndk/android-ndk-r25c/toolchains/llvm/prebuilt/linux-x86_64/bin/clang --target=aarch64-none-linux-android26 --sysroot=/home/symbol/Android/Sdk/ndk/android-ndk-r25c/toolchains/llvm/prebuilt/linux-x86_64/sysroot   -g -DANDROID -fdata-sections -ffunction-sections -funwind-tables -fstack-protector-strong -no-canonical-prefixes -D_FORTIFY_SOURCE=2 -Wformat -Werror=format-security   -fPIE   -o CMakeFiles/cmTC_ea887.dir/CheckIncludeFile.c.o   -c /home/symbol/test/testlib_srtp/arm64-v8a/CMakeFiles/CMakeTmp/CheckIncludeFile.c
/home/symbol/test/testlib_srtp/arm64-v8a/CMakeFiles/CMakeTmp/CheckIncludeFile.c:1:10: fatal error: 'sys/int_types.h' file not found
#include <sys/int_types.h>
         ^~~~~~~~~~~~~~~~~
1 error generated.
make[1]: *** [CMakeFiles/cmTC_ea887.dir/build.make:66: CMakeFiles/cmTC_ea887.dir/CheckIncludeFile.c.o] Error 1
make[1]: Leaving directory '/home/symbol/test/testlib_srtp/arm64-v8a/CMakeFiles/CMakeTmp'
make: *** [Makefile:121: cmTC_ea887/fast] Error 2



Determining if the include file windows.h exists failed with the following output:
Change Dir: /home/symbol/test/testlib_srtp/arm64-v8a/CMakeFiles/CMakeTmp

Run Build Command(s):/usr/bin/make cmTC_8ac41/fast && /usr/bin/make -f CMakeFiles/cmTC_8ac41.dir/build.make CMakeFiles/cmTC_8ac41.dir/build
make[1]: Entering directory '/home/symbol/test/testlib_srtp/arm64-v8a/CMakeFiles/CMakeTmp'
Building C object CMakeFiles/cmTC_8ac41.dir/CheckIncludeFile.c.o
/home/symbol/Android/Sdk/ndk/android-ndk-r25c/toolchains/llvm/prebuilt/linux-x86_64/bin/clang --target=aarch64-none-linux-android26 --sysroot=/home/symbol/Android/Sdk/ndk/android-ndk-r25c/toolchains/llvm/prebuilt/linux-x86_64/sysroot   -g -DANDROID -fdata-sections -ffunction-sections -funwind-tables -fstack-protector-strong -no-canonical-prefixes -D_FORTIFY_SOURCE=2 -Wformat -Werror=format-security   -fPIE   -o CMakeFiles/cmTC_8ac41.dir/CheckIncludeFile.c.o   -c /home/symbol/test/testlib_srtp/arm64-v8a/CMakeFiles/CMakeTmp/CheckIncludeFile.c
/home/symbol/test/testlib_srtp/arm64-v8a/CMakeFiles/CMakeTmp/CheckIncludeFile.c:1:10: fatal error: 'windows.h' file not found
#include <windows.h>
         ^~~~~~~~~~~
1 error generated.
make[1]: *** [CMakeFiles/cmTC_8ac41.dir/build.make:66: CMakeFiles/cmTC_8ac41.dir/CheckIncludeFile.c.o] Error 1
make[1]: Leaving directory '/home/symbol/test/testlib_srtp/arm64-v8a/CMakeFiles/CMakeTmp'
make: *** [Makefile:121: cmTC_8ac41/fast] Error 2



Determining if the include file winsock2.h exists failed with the following output:
Change Dir: /home/symbol/test/testlib_srtp/arm64-v8a/CMakeFiles/CMakeTmp

Run Build Command(s):/usr/bin/make cmTC_b88ab/fast && /usr/bin/make -f CMakeFiles/cmTC_b88ab.dir/build.make CMakeFiles/cmTC_b88ab.dir/build
make[1]: Entering directory '/home/symbol/test/testlib_srtp/arm64-v8a/CMakeFiles/CMakeTmp'
Building C object CMakeFiles/cmTC_b88ab.dir/CheckIncludeFile.c.o
/home/symbol/Android/Sdk/ndk/android-ndk-r25c/toolchains/llvm/prebuilt/linux-x86_64/bin/clang --target=aarch64-none-linux-android26 --sysroot=/home/symbol/Android/Sdk/ndk/android-ndk-r25c/toolchains/llvm/prebuilt/linux-x86_64/sysroot   -g -DANDROID -fdata-sections -ffunction-sections -funwind-tables -fstack-protector-strong -no-canonical-prefixes -D_FORTIFY_SOURCE=2 -Wformat -Werror=format-security   -fPIE   -o CMakeFiles/cmTC_b88ab.dir/CheckIncludeFile.c.o   -c /home/symbol/test/testlib_srtp/arm64-v8a/CMakeFiles/CMakeTmp/CheckIncludeFile.c
/home/symbol/test/testlib_srtp/arm64-v8a/CMakeFiles/CMakeTmp/CheckIncludeFile.c:1:10: fatal error: 'winsock2.h' file not found
#include <winsock2.h>
         ^~~~~~~~~~~~
1 error generated.
make[1]: *** [CMakeFiles/cmTC_b88ab.dir/build.make:66: CMakeFiles/cmTC_b88ab.dir/CheckIncludeFile.c.o] Error 1
make[1]: Leaving directory '/home/symbol/test/testlib_srtp/arm64-v8a/CMakeFiles/CMakeTmp'
make: *** [Makefile:121: cmTC_b88ab/fast] Error 2



